Java HotSpot(TM) 64-Bit Server VM (25.121-b13) for windows-amd64 JRE (1.8.0_121-b13), built on Dec 12 2016 18:21:36 by "java_re" with MS VC++ 10.0 (VS2010)
Memory: 4k page, physical 33438388k(28643952k free), swap 38419124k(32846024k free)
CommandLine flags: -XX:InitialHeapSize=535014208 -XX:MaxHeapSize=8560227328 -XX:+PrintGC -XX:+PrintGCTimeStamps -XX:+UseCompressedClassPointers -XX:+UseCompressedOops -XX:+UseG1GC -XX:-UseLargePagesIndividualAllocation 
0.912: [GC pause (G1 Evacuation Pause) (young) 24M->6320K(512M), 0.0105980 secs]
1.861: [GC pause (G1 Evacuation Pause) (young) 36M->11M(512M), 0.0153613 secs]
2.864: [GC pause (G1 Evacuation Pause) (young) 195M->29M(512M), 0.0292092 secs]
3.118: [GC pause (G1 Evacuation Pause) (young) 193M->47M(512M), 0.0259350 secs]
3.363: [GC pause (G1 Evacuation Pause) (young) 321M->62M(512M), 0.0125688 secs]
3.811: [GC pause (G1 Evacuation Pause) (young) 346M->92M(512M), 0.0397961 secs]
4.138: [GC pause (G1 Evacuation Pause) (young) 358M->91M(512M), 0.0197995 secs]
4.428: [GC pause (G1 Evacuation Pause) (young) 375M->94M(512M), 0.0116655 secs]
4.699: [GC pause (G1 Evacuation Pause) (young) 374M->100M(512M), 0.0110374 secs]
4.939: [GC pause (G1 Evacuation Pause) (young) 381M->102M(512M), 0.0119872 secs]
5.136: [GC pause (G1 Evacuation Pause) (young) 378M->112M(512M), 0.0168376 secs]
5.378: [GC pause (G1 Evacuation Pause) (young) 378M->116M(512M), 0.0184521 secs]
5.605: [GC pause (G1 Evacuation Pause) (young) 392M->126M(512M), 0.0144393 secs]
5.805: [GC pause (G1 Evacuation Pause) (young) 402M->127M(512M), 0.0117116 secs]
6.010: [GC pause (G1 Evacuation Pause) (young) 424M->136M(512M), 0.0122991 secs]
6.086: [GC pause (G1 Humongous Allocation) (young) (initial-mark) 304M->137M(512M), 0.0179998 secs]
6.104: [GC concurrent-root-region-scan-start]
6.119: [GC concurrent-root-region-scan-end, 0.0149700 secs]
6.119: [GC concurrent-mark-start]
6.205: [GC concurrent-mark-end, 0.0854998 secs]
6.206: [GC remark, 0.0050893 secs]
6.212: [GC cleanup 360M->360M(512M), 0.0009182 secs]
6.276: [GC pause (G1 Evacuation Pause) (young) 492M->143M(570M), 0.0191441 secs]
6.299: [GC pause (G1 Evacuation Pause) (mixed) 152M->127M(570M), 0.0122483 secs]
6.389: [GC pause (G1 Humongous Allocation) (young) (initial-mark) 308M->142M(570M), 0.0099162 secs]
6.399: [GC concurrent-root-region-scan-start]
6.405: [GC concurrent-root-region-scan-end, 0.0057822 secs]
6.405: [GC concurrent-mark-start]
6.467: [GC concurrent-mark-end, 0.0628220 secs]
6.470: [GC remark, 0.0049318 secs]
6.477: [GC cleanup 290M->283M(570M), 0.0010650 secs]
6.478: [GC concurrent-cleanup-start]
6.478: [GC concurrent-cleanup-end, 0.0000235 secs]
6.577: [GC pause (G1 Evacuation Pause) (young) 563M->155M(628M), 0.0173705 secs]
6.598: [GC pause (G1 Evacuation Pause) (mixed) 157M->143M(628M), 0.0088073 secs]
6.677: [GC pause (G1 Humongous Allocation) (young) (initial-mark) 337M->155M(628M), 0.0061312 secs]
6.684: [GC concurrent-root-region-scan-start]
6.687: [GC concurrent-root-region-scan-end, 0.0037235 secs]
6.687: [GC concurrent-mark-start]
6.775: [GC concurrent-mark-end, 0.0873870 secs]
6.776: [GC remark, 0.0042210 secs]
6.780: [GC cleanup 409M->391M(628M), 0.0007659 secs]
6.781: [GC concurrent-cleanup-start]
6.781: [GC concurrent-cleanup-end, 0.0000290 secs]
6.877: [GC pause (G1 Evacuation Pause) (young) 647M->158M(1380M), 0.0211170 secs]
7.136: [GC pause (G1 Humongous Allocation) (young) (initial-mark) 794M->161M(2738M), 0.0503599 secs]
7.187: [GC concurrent-root-region-scan-start]
7.200: [GC concurrent-root-region-scan-end, 0.0134669 secs]
7.200: [GC concurrent-mark-start]
7.285: [GC concurrent-mark-end, 0.0840483 secs]
7.288: [GC remark, 0.0064213 secs]
7.295: [GC cleanup 413M->413M(2738M), 0.0023667 secs]
8.808: [GC pause (G1 Evacuation Pause) (young) 2105M->316M(3824M), 0.1481507 secs]
10.937: [GC pause (G1 Evacuation Pause) (young) 2462M->338M(4692M), 0.1189962 secs]
13.718: [GC pause (G1 Evacuation Pause) (young) 2960M->372M(4692M), 0.1387393 secs]
16.276: [GC pause (G1 Evacuation Pause) (young) 3078M->376M(4692M), 0.0792082 secs]
18.846: [GC pause (G1 Evacuation Pause) (young) 3107M->413M(4692M), 0.0930544 secs]
21.235: [GC pause (G1 Evacuation Pause) (young) 3079M->441M(4692M), 0.1015322 secs]
23.511: [GC pause (G1 Evacuation Pause) (young) 3079M->413M(4692M), 0.0851435 secs]
25.923: [GC pause (G1 Evacuation Pause) (young) 3108M->451M(4692M), 0.1027039 secs]
28.210: [GC pause (G1 Evacuation Pause) (young) 3079M->490M(4692M), 0.1170561 secs]
30.598: [GC pause (G1 Evacuation Pause) (young) 3115M->464M(4692M), 0.0986672 secs]
32.836: [GC pause (G1 Evacuation Pause) (young) 3221M->535M(4692M), 0.0974102 secs]
34.632: [GC pause (G1 Evacuation Pause) (young) 3169M->557M(4692M), 0.1296590 secs]
37.138: [GC pause (G1 Evacuation Pause) (young) 3147M->592M(4692M), 0.2952497 secs]
38.104: [GC pause (G1 Evacuation Pause) (young) 1354M->618M(4692M), 0.1184308 secs]
40.745: [GC pause (G1 Evacuation Pause) (young) 3398M->661M(4692M), 0.0712615 secs]
43.306: [GC pause (G1 Evacuation Pause) (young) 3426M->697M(4692M), 0.0823877 secs]
45.375: [GC pause (G1 Evacuation Pause) (young) 3397M->730M(4692M), 0.0880995 secs]
47.815: [GC pause (G1 Evacuation Pause) (young) 3420M->740M(4692M), 0.0886384 secs]
50.129: [GC pause (G1 Evacuation Pause) (young) 3408M->762M(4692M), 0.0927322 secs]
51.910: [GC pause (G1 Evacuation Pause) (young) 3405M->799M(4692M), 0.0976103 secs]
53.941: [GC pause (G1 Evacuation Pause) (young) 3419M->770M(4692M), 0.1105669 secs]
56.419: [GC pause (G1 Evacuation Pause) (young) 3528M->864M(4692M), 0.1065524 secs]
58.496: [GC pause (G1 Evacuation Pause) (young) 3478M->857M(4692M), 0.1275777 secs]
60.826: [GC pause (G1 Evacuation Pause) (young) 3479M->926M(4692M), 0.1547346 secs]
63.256: [GC pause (G1 Evacuation Pause) (young) 3503M->974M(4692M), 0.1961363 secs]
65.812: [GC pause (G1 Evacuation Pause) (young) 3598M->979M(4692M), 0.1597254 secs]
68.420: [GC pause (G1 Evacuation Pause) (young) 3684M->1014M(4692M), 0.1112726 secs]
70.921: [GC pause (G1 Evacuation Pause) (young) 3678M->1022M(4692M), 0.0870187 secs]
73.332: [GC pause (G1 Evacuation Pause) (young) 3704M->1030M(4692M), 0.0998439 secs]
75.921: [GC pause (G1 Evacuation Pause) (young) 3688M->1065M(4692M), 0.0973432 secs]
78.484: [GC pause (G1 Evacuation Pause) (young) 3685M->1034M(4692M), 0.0846507 secs]
80.922: [GC pause (G1 Evacuation Pause) (young) 3784M->1130M(4692M), 0.1031762 secs]
83.234: [GC pause (G1 Evacuation Pause) (young) 3786M->1188M(4692M), 0.1784411 secs]
85.668: [GC pause (G1 Evacuation Pause) (young) 3732M->1215M(4692M), 0.1567575 secs]
88.210: [GC pause (G1 Evacuation Pause) (young) 3829M->1239M(4692M), 0.1352334 secs]
90.952: [GC pause (G1 Evacuation Pause) (young) 3963M->1250M(4692M), 0.0842463 secs]
93.485: [GC pause (G1 Evacuation Pause) (young) 3980M->1313M(4692M), 0.0915977 secs]
95.333: [GC pause (G1 Evacuation Pause) (young) 3961M->1319M(4692M), 0.0810561 secs]
97.506: [GC pause (G1 Evacuation Pause) (young) 3977M->1289M(4692M), 0.0900050 secs]
99.775: [GC pause (G1 Evacuation Pause) (young) 3983M->1340M(4692M), 0.1062363 secs]
102.122: [GC pause (G1 Evacuation Pause) (young) 3971M->1362M(4692M), 0.1096701 secs]
104.638: [GC pause (G1 Evacuation Pause) (young) 3994M->1342M(4692M), 0.0852566 secs]
107.179: [GC pause (G1 Evacuation Pause) (young) 4115M->1419M(4692M), 0.1168487 secs]
109.884: [GC pause (G1 Evacuation Pause) (young) 4032M->1482M(4692M), 0.1695976 secs]
111.673: [GC pause (G1 Evacuation Pause) (young) 3925M->1450M(4692M), 0.1078832 secs]
113.527: [GC pause (G1 Evacuation Pause) (young) 4076M->1503M(4692M), 0.1247468 secs]
113.748: [GC pause (G1 Evacuation Pause) (young) 1601M->1528M(4692M), 0.0963896 secs]
116.159: [GC pause (G1 Evacuation Pause) (young) 4062M->1567M(4692M), 0.0757897 secs]
118.493: [GC pause (G1 Evacuation Pause) (young) 4118M->1621M(4692M), 0.0781052 secs]
120.806: [GC pause (G1 Evacuation Pause) (young) 4099M->1650M(4692M), 0.0816184 secs]
123.126: [GC pause (G1 Evacuation Pause) (young) 4080M->1667M(4692M), 0.0860250 secs]
125.453: [GC pause (G1 Evacuation Pause) (young) 4087M->1692M(4692M), 0.1026220 secs]
127.748: [GC pause (G1 Evacuation Pause) (young) 4038M->1712M(4692M), 0.1074028 secs]
130.072: [GC pause (G1 Evacuation Pause) (young) 4048M->1725M(4692M), 0.0838678 secs]
132.335: [GC pause (G1 Evacuation Pause) (young) 3907M->1763M(4692M), 0.1142277 secs]
134.262: [GC pause (G1 Evacuation Pause) (young) 4142M->1854M(4692M), 0.1143519 secs]
135.619: [GC pause (G1 Evacuation Pause) (young) 3370M->1879M(4692M), 0.0861018 secs]
137.717: [GC pause (G1 Evacuation Pause) (young) 4117M->1911M(4692M), 0.0730172 secs]
139.784: [GC pause (G1 Evacuation Pause) (young) 4151M->1953M(4692M), 0.0760705 secs]
141.803: [GC pause (G1 Evacuation Pause) (young) 4097M->1975M(4692M), 0.0759463 secs]
143.807: [GC pause (G1 Evacuation Pause) (young) 4075M->1970M(4692M), 0.0732681 secs]
145.878: [GC pause (G1 Evacuation Pause) (young) 4104M->2010M(4692M), 0.0983143 secs]
147.963: [GC pause (G1 Evacuation Pause) (young) 4042M->2029M(4692M), 0.0996852 secs]
149.959: [GC pause (G1 Evacuation Pause) (young) 4060M->2053M(4692M), 0.0997846 secs]
151.926: [GC pause (G1 Evacuation Pause) (young) 4085M->2061M(4692M), 0.0898330 secs]
153.907: [GC pause (G1 Evacuation Pause) (young) 4083M->2086M(4692M), 0.0893940 secs]
155.930: [GC pause (G1 Evacuation Pause) (young) 4050M->2088M(4692M), 0.0824935 secs]
157.946: [GC pause (G1 Evacuation Pause) (young) 4113M->2083M(4692M), 0.0874399 secs]
159.733: [GC pause (G1 Evacuation Pause) (young) 4179M->2196M(4692M), 0.1583626 secs]
161.555: [GC pause (G1 Evacuation Pause) (young) 3972M->2210M(4692M), 0.1200551 secs]
161.790: [GC pause (G1 Humongous Allocation) (young) (initial-mark) 2326M->2207M(4692M), 0.0354053 secs]
161.825: [GC concurrent-root-region-scan-start]
161.844: [GC concurrent-root-region-scan-end, 0.0189402 secs]
161.844: [GC concurrent-mark-start]
162.212: [GC concurrent-mark-end, 0.3678625 secs]
162.213: [GC remark, 0.0081694 secs]
162.221: [GC cleanup 2627M->1182M(4692M), 0.0056461 secs]
162.227: [GC concurrent-cleanup-start]
162.230: [GC concurrent-cleanup-end, 0.0033579 secs]
163.604: [GC pause (G1 Evacuation Pause) (young) 2658M->782M(4692M), 0.0490569 secs]
163.816: [GC pause (G1 Evacuation Pause) (mixed) 960M->652M(4692M), 0.0366964 secs]
166.339: [GC pause (G1 Evacuation Pause) (young) 3463M->719M(4692M), 0.0896534 secs]
168.952: [GC pause (G1 Evacuation Pause) (young) 3443M->722M(4692M), 0.0653470 secs]
171.524: [GC pause (G1 Evacuation Pause) (young) 3462M->755M(4692M), 0.0846606 secs]
174.059: [GC pause (G1 Evacuation Pause) (young) 3450M->789M(4692M), 0.0924203 secs]
176.654: [GC pause (G1 Evacuation Pause) (young) 3463M->784M(4692M), 0.0996861 secs]
179.272: [GC pause (G1 Evacuation Pause) (young) 3442M->795M(4692M), 0.0927062 secs]
181.873: [GC pause (G1 Evacuation Pause) (young) 3450M->779M(4692M), 0.0883047 secs]
184.571: [GC pause (G1 Evacuation Pause) (young) 3553M->876M(4692M), 0.1297618 secs]
186.898: [GC pause (G1 Evacuation Pause) (young) 3488M->874M(4692M), 0.1344872 secs]
189.336: [GC pause (G1 Evacuation Pause) (young) 3485M->933M(4692M), 0.1471886 secs]
191.896: [GC pause (G1 Evacuation Pause) (young) 3516M->975M(4692M), 0.1566883 secs]
194.624: [GC pause (G1 Evacuation Pause) (young) 3700M->997M(4692M), 0.1041575 secs]
197.196: [GC pause (G1 Evacuation Pause) (young) 3680M->1009M(4692M), 0.0822610 secs]
199.821: [GC pause (G1 Evacuation Pause) (young) 3687M->995M(4692M), 0.0763235 secs]
202.349: [GC pause (G1 Evacuation Pause) (young) 3700M->1044M(4692M), 0.1018522 secs]
204.914: [GC pause (G1 Evacuation Pause) (young) 3679M->1072M(4692M), 0.1076647 secs]
207.408: [GC pause (G1 Evacuation Pause) (young) 3701M->1045M(4692M), 0.1007331 secs]
210.102: [GC pause (G1 Evacuation Pause) (young) 3716M->1075M(4692M), 0.0954450 secs]
210.959: [GC pause (G1 Evacuation Pause) (young) 1967M->1116M(4692M), 0.0882446 secs]
213.430: [GC pause (G1 Evacuation Pause) (young) 3893M->1194M(4692M), 0.1665179 secs]
215.375: [GC pause (G1 Evacuation Pause) (young) 3122M->1216M(4692M), 0.0965821 secs]
218.012: [GC pause (G1 Evacuation Pause) (young) 3993M->1265M(4692M), 0.0818676 secs]
220.660: [GC pause (G1 Evacuation Pause) (young) 4007M->1312M(4692M), 0.0909910 secs]
223.219: [GC pause (G1 Evacuation Pause) (young) 3986M->1323M(4692M), 0.0829539 secs]
225.757: [GC pause (G1 Evacuation Pause) (young) 4007M->1348M(4692M), 0.1013023 secs]
228.280: [GC pause (G1 Evacuation Pause) (young) 3993M->1382M(4692M), 0.1051926 secs]
230.715: [GC pause (G1 Evacuation Pause) (young) 4006M->1379M(4692M), 0.1165902 secs]
233.160: [GC pause (G1 Evacuation Pause) (young) 4014M->1401M(4692M), 0.1070708 secs]
235.823: [GC pause (G1 Evacuation Pause) (young) 4041M->1385M(4692M), 0.0954979 secs]
238.212: [GC pause (G1 Evacuation Pause) (young) 4133M->1508M(4692M), 0.1706148 secs]
240.602: [GC pause (G1 Evacuation Pause) (young) 3937M->1488M(4692M), 0.1333151 secs]
243.141: [GC pause (G1 Evacuation Pause) (young) 4058M->1541M(4692M), 0.1404814 secs]
245.408: [GC pause (G1 Evacuation Pause) (young) 3987M->1599M(4692M), 0.1204541 secs]
247.837: [GC pause (G1 Evacuation Pause) (young) 4108M->1621M(4692M), 0.1055489 secs]
250.217: [GC pause (G1 Evacuation Pause) (young) 4066M->1639M(4692M), 0.0966273 secs]
252.501: [GC pause (G1 Evacuation Pause) (young) 4048M->1620M(4692M), 0.0762185 secs]
254.822: [GC pause (G1 Evacuation Pause) (young) 4117M->1658M(4692M), 0.1041260 secs]
257.453: [GC pause (G1 Evacuation Pause) (young) 4053M->1682M(4692M), 0.1031561 secs]
259.825: [GC pause (G1 Evacuation Pause) (young) 4048M->1671M(4692M), 0.1061765 secs]
262.125: [GC pause (G1 Evacuation Pause) (young) 4065M->1682M(4692M), 0.0919075 secs]
264.097: [GC pause (G1 Evacuation Pause) (young) 4146M->1783M(4692M), 0.1562997 secs]
266.106: [GC pause (G1 Evacuation Pause) (young) 3973M->1798M(4692M), 0.1426126 secs]
268.255: [GC pause (G1 Evacuation Pause) (young) 4022M->1819M(4692M), 0.1365027 secs]
270.591: [GC pause (G1 Evacuation Pause) (young) 4127M->1819M(4692M), 0.0728009 secs]
272.723: [GC pause (G1 Evacuation Pause) (young) 4154M->1865M(4692M), 0.0818753 secs]
274.819: [GC pause (G1 Evacuation Pause) (young) 4081M->1891M(4692M), 0.0884331 secs]
276.840: [GC pause (G1 Evacuation Pause) (young) 4055M->1863M(4692M), 0.0626070 secs]
278.486: [GC pause (G1 Evacuation Pause) (young) 4113M->1887M(4692M), 0.0750034 secs]
280.275: [GC pause (G1 Evacuation Pause) (young) 4072M->1919M(4692M), 0.0855113 secs]
281.992: [GC pause (G1 Evacuation Pause) (young) 4045M->1933M(4692M), 0.0925492 secs]
283.758: [GC pause (G1 Evacuation Pause) (young) 4092M->1931M(4692M), 0.0896048 secs]
285.726: [GC pause (G1 Evacuation Pause) (young) 4070M->1944M(4692M), 0.0763226 secs]
287.752: [GC pause (G1 Evacuation Pause) (young) 4119M->1970M(4692M), 0.0715111 secs]
289.648: [GC pause (G1 Evacuation Pause) (young) 4152M->2040M(4692M), 0.1482284 secs]
291.535: [GC pause (G1 Evacuation Pause) (young) 3975M->2064M(4692M), 0.1259692 secs]
293.420: [GC pause (G1 Evacuation Pause) (young) 4119M->2095M(4692M), 0.0633494 secs]
294.948: [GC pause (G1 Evacuation Pause) (young) 4148M->2124M(4692M), 0.0669778 secs]
296.498: [GC pause (G1 Evacuation Pause) (young) 4105M->2145M(4692M), 0.0602117 secs]
298.052: [GC pause (G1 Evacuation Pause) (young) 4075M->2153M(4692M), 0.0626219 secs]
299.670: [GC pause (G1 Evacuation Pause) (young) 4094M->2169M(4692M), 0.0733662 secs]
301.224: [GC pause (G1 Evacuation Pause) (young) 4084M->2214M(4692M), 0.0828024 secs]
302.824: [GC pause (G1 Evacuation Pause) (young) 4071M->2239M(4692M), 0.0860430 secs]
304.577: [GC pause (G1 Evacuation Pause) (young) 4073M->2228M(4692M), 0.0591531 secs]
305.318: [GC pause (G1 Humongous Allocation) (young) (initial-mark) 3046M->2222M(4692M), 0.0433152 secs]
305.361: [GC concurrent-root-region-scan-start]
305.395: [GC concurrent-root-region-scan-end, 0.0338479 secs]
305.395: [GC concurrent-mark-start]
305.644: [GC concurrent-mark-end, 0.2488399 secs]
305.644: [GC remark, 0.0064209 secs]
305.651: [GC cleanup 2648M->1222M(4692M), 0.0039987 secs]
305.655: [GC concurrent-cleanup-start]
305.657: [GC concurrent-cleanup-end, 0.0024666 secs]
306.636: [GC pause (G1 Evacuation Pause) (young) 2709M->850M(4692M), 0.0777993 secs]
306.777: [GC pause (G1 Evacuation Pause) (mixed) 922M->705M(4692M), 0.0627316 secs]
309.364: [GC pause (G1 Evacuation Pause) (young) 3513M->745M(4692M), 0.0671932 secs]
311.523: [GC pause (G1 Evacuation Pause) (young) 3615M->899M(4692M), 0.1074377 secs]
313.861: [GC pause (G1 Evacuation Pause) (young) 3551M->908M(4692M), 0.1267295 secs]
316.030: [GC pause (G1 Evacuation Pause) (young) 3533M->931M(4692M), 0.1294653 secs]
318.493: [GC pause (G1 Evacuation Pause) (young) 3614M->957M(4692M), 0.0889140 secs]
320.935: [GC pause (G1 Evacuation Pause) (young) 3634M->978M(4692M), 0.1015045 secs]
323.269: [GC pause (G1 Evacuation Pause) (young) 3610M->1003M(4692M), 0.0997257 secs]
325.609: [GC pause (G1 Evacuation Pause) (young) 3612M->985M(4692M), 0.0816892 secs]
327.795: [GC pause (G1 Evacuation Pause) (young) 3684M->1033M(4692M), 0.1160458 secs]
330.254: [GC pause (G1 Evacuation Pause) (young) 3664M->1042M(4692M), 0.0921345 secs]
332.492: [GC pause (G1 Evacuation Pause) (young) 3692M->1037M(4692M), 0.0921366 secs]
334.785: [GC pause (G1 Evacuation Pause) (young) 3684M->1060M(4692M), 0.0980873 secs]
336.838: [GC pause (G1 Evacuation Pause) (young) 3792M->1137M(4692M), 0.1548938 secs]
339.222: [GC pause (G1 Evacuation Pause) (young) 3707M->1188M(4692M), 0.1461305 secs]
341.716: [GC pause (G1 Evacuation Pause) (young) 3791M->1188M(4692M), 0.1300289 secs]
344.227: [GC pause (G1 Evacuation Pause) (young) 3933M->1232M(4692M), 0.1057720 secs]
346.741: [GC pause (G1 Evacuation Pause) (young) 3913M->1255M(4692M), 0.0909978 secs]
349.268: [GC pause (G1 Evacuation Pause) (young) 3939M->1261M(4692M), 0.0982606 secs]
351.743: [GC pause (G1 Evacuation Pause) (young) 3912M->1283M(4692M), 0.0876848 secs]
353.900: [GC pause (G1 Evacuation Pause) (young) 3932M->1282M(4692M), 0.0906211 secs]
356.139: [GC pause (G1 Evacuation Pause) (young) 3913M->1309M(4692M), 0.0983962 secs]
358.217: [GC pause (G1 Evacuation Pause) (young) 3916M->1287M(4692M), 0.0819704 secs]
360.121: [GC pause (G1 Evacuation Pause) (young) 3975M->1296M(4692M), 0.0929119 secs]
361.981: [GC pause (G1 Evacuation Pause) (young) 4039M->1406M(4692M), 0.1506758 secs]
364.198: [GC pause (G1 Evacuation Pause) (young) 3955M->1398M(4692M), 0.1124361 secs]
366.116: [GC pause (G1 Evacuation Pause) (young) 4041M->1438M(4692M), 0.1190550 secs]
368.418: [GC pause (G1 Evacuation Pause) (young) 3988M->1502M(4692M), 0.1234356 secs]
370.546: [GC pause (G1 Evacuation Pause) (young) 4127M->1533M(4692M), 0.0956191 secs]
372.404: [GC pause (G1 Evacuation Pause) (young) 4071M->1565M(4692M), 0.0765692 secs]
373.942: [GC pause (G1 Evacuation Pause) (young) 4043M->1556M(4692M), 0.0698825 secs]
375.929: [GC pause (G1 Evacuation Pause) (young) 4093M->1574M(4692M), 0.1035380 secs]
378.000: [GC pause (G1 Evacuation Pause) (young) 4055M->1592M(4692M), 0.0914356 secs]
380.055: [GC pause (G1 Evacuation Pause) (young) 4032M->1571M(4692M), 0.0740741 secs]
381.667: [GC pause (G1 Evacuation Pause) (young) 4095M->1594M(4692M), 0.0879058 secs]
383.323: [GC pause (G1 Evacuation Pause) (young) 4051M->1614M(4692M), 0.0810450 secs]
384.867: [GC pause (G1 Evacuation Pause) (young) 4121M->1699M(4692M), 0.1307133 secs]
386.708: [GC pause (G1 Evacuation Pause) (young) 4037M->1717M(4692M), 0.1470086 secs]
388.561: [GC pause (G1 Evacuation Pause) (young) 4009M->1754M(4692M), 0.1124699 secs]
390.368: [GC pause (G1 Evacuation Pause) (young) 4114M->1756M(4692M), 0.0715435 secs]
392.007: [GC pause (G1 Evacuation Pause) (young) 4132M->1796M(4692M), 0.0718827 secs]
393.549: [GC pause (G1 Evacuation Pause) (young) 4072M->1819M(4692M), 0.0738049 secs]
395.401: [GC pause (G1 Evacuation Pause) (young) 4067M->1811M(4692M), 0.0894111 secs]
397.363: [GC pause (G1 Evacuation Pause) (young) 4069M->1832M(4692M), 0.0805906 secs]
399.272: [GC pause (G1 Evacuation Pause) (young) 4050M->1856M(4692M), 0.0798580 secs]
400.968: [GC pause (G1 Evacuation Pause) (young) 4062M->1866M(4692M), 0.0839510 secs]
402.800: [GC pause (G1 Evacuation Pause) (young) 4072M->1868M(4692M), 0.0895288 secs]
405.136: [GC pause (G1 Evacuation Pause) (young) 4077M->1840M(4692M), 0.0786992 secs]
407.186: [GC pause (G1 Evacuation Pause) (young) 4208M->1971M(4692M), 0.1662141 secs]
409.082: [GC pause (G1 Evacuation Pause) (young) 3969M->1991M(4692M), 0.1174367 secs]
411.043: [GC pause (G1 Evacuation Pause) (young) 4125M->2019M(4692M), 0.0811457 secs]
412.999: [GC pause (G1 Evacuation Pause) (young) 4155M->2064M(4692M), 0.0726563 secs]
414.736: [GC pause (G1 Evacuation Pause) (young) 4092M->2078M(4692M), 0.0676412 secs]
416.615: [GC pause (G1 Evacuation Pause) (young) 4078M->2074M(4692M), 0.0735105 secs]
418.172: [GC pause (G1 Evacuation Pause) (young) 4102M->2119M(4692M), 0.0959975 secs]
420.001: [GC pause (G1 Evacuation Pause) (young) 4039M->2130M(4692M), 0.0912585 secs]
421.837: [GC pause (G1 Evacuation Pause) (young) 4066M->2103M(4692M), 0.0737200 secs]
423.684: [GC pause (G1 Evacuation Pause) (young) 4139M->2140M(4692M), 0.0753588 secs]
425.373: [GC pause (G1 Evacuation Pause) (young) 4085M->2159M(4692M), 0.0796237 secs]
426.939: [GC pause (G1 Evacuation Pause) (young) 4064M->2177M(4692M), 0.0748041 secs]
428.601: [GC pause (G1 Evacuation Pause) (young) 4089M->2182M(4692M), 0.0792777 secs]
430.386: [GC pause (G1 Evacuation Pause) (young) 4090M->2186M(4692M), 0.0653005 secs]
431.246: [GC pause (G1 Humongous Allocation) (young) (initial-mark) 3066M->2229M(4692M), 0.0792304 secs]
431.326: [GC concurrent-root-region-scan-start]
431.397: [GC concurrent-root-region-scan-end, 0.0710827 secs]
431.397: [GC concurrent-mark-start]
431.612: [GC concurrent-mark-end, 0.2146485 secs]
431.612: [GC remark, 0.0069798 secs]
431.619: [GC cleanup 2653M->1277M(4692M), 0.0046566 secs]
431.624: [GC concurrent-cleanup-start]
431.626: [GC concurrent-cleanup-end, 0.0025869 secs]
432.644: [GC pause (G1 Evacuation Pause) (young) 2753M->889M(4692M), 0.1409887 secs]
432.816: [GC pause (G1 Evacuation Pause) (mixed) 925M->814M(4692M), 0.1002804 secs]
435.265: [GC pause (G1 Evacuation Pause) (young) 3636M->891M(4692M), 0.0777229 secs]
437.802: [GC pause (G1 Evacuation Pause) (young) 3619M->903M(4692M), 0.0702546 secs]
440.372: [GC pause (G1 Evacuation Pause) (young) 3637M->952M(4692M), 0.0949850 secs]
442.488: [GC pause (G1 Evacuation Pause) (young) 3616M->979M(4692M), 0.0860583 secs]
444.703: [GC pause (G1 Evacuation Pause) (young) 3644M->964M(4692M), 0.0995039 secs]
447.078: [GC pause (G1 Evacuation Pause) (young) 3616M->995M(4692M), 0.1053266 secs]
449.299: [GC pause (G1 Evacuation Pause) (young) 3617M->976M(4692M), 0.0906207 secs]
451.706: [GC pause (G1 Evacuation Pause) (young) 3661M->1015M(4692M), 0.1257021 secs]
454.403: [GC pause (G1 Evacuation Pause) (young) 3649M->978M(4692M), 0.0876703 secs]
456.749: [GC pause (G1 Evacuation Pause) (young) 3768M->1117M(4692M), 0.1699517 secs]
459.011: [GC pause (G1 Evacuation Pause) (young) 3657M->1149M(4692M), 0.1359822 secs]
461.525: [GC pause (G1 Evacuation Pause) (young) 3787M->1177M(4692M), 0.1386041 secs]
462.731: [GC pause (G1 Evacuation Pause) (young) 2533M->1194M(4692M), 0.0612946 secs]
465.256: [GC pause (G1 Evacuation Pause) (young) 3935M->1206M(4692M), 0.0772161 secs]
467.535: [GC pause (G1 Evacuation Pause) (young) 3948M->1258M(4692M), 0.0973735 secs]
469.933: [GC pause (G1 Evacuation Pause) (young) 3928M->1283M(4692M), 0.0923802 secs]
472.279: [GC pause (G1 Evacuation Pause) (young) 3955M->1277M(4692M), 0.0916715 secs]
474.707: [GC pause (G1 Evacuation Pause) (young) 3927M->1301M(4692M), 0.1018608 secs]
477.405: [GC pause (G1 Evacuation Pause) (young) 3927M->1268M(4692M), 0.0846606 secs]
478.907: [GC pause (G1 Evacuation Pause) (young) 3152M->1366M(4692M), 0.0870234 secs]
481.193: [GC pause (G1 Evacuation Pause) (young) 4144M->1467M(4692M), 0.1386489 secs]
482.253: [GC pause (G1 Evacuation Pause) (young) 2549M->1479M(4692M), 0.0855510 secs]
484.683: [GC pause (G1 Evacuation Pause) (young) 4145M->1543M(4692M), 0.0731572 secs]
486.943: [GC pause (G1 Evacuation Pause) (young) 4123M->1568M(4692M), 0.0779047 secs]
488.988: [GC pause (G1 Evacuation Pause) (young) 4122M->1589M(4692M), 0.0932771 secs]
491.317: [GC pause (G1 Evacuation Pause) (young) 4079M->1615M(4692M), 0.0803081 secs]
493.694: [GC pause (G1 Evacuation Pause) (young) 4059M->1586M(4692M), 0.0832782 secs]
496.104: [GC pause (G1 Evacuation Pause) (young) 4104M->1630M(4692M), 0.1006384 secs]
498.148: [GC pause (G1 Evacuation Pause) (young) 4040M->1656M(4692M), 0.1041545 secs]
500.512: [GC pause (G1 Evacuation Pause) (young) 4047M->1651M(4692M), 0.1044481 secs]
502.899: [GC pause (G1 Evacuation Pause) (young) 4063M->1659M(4692M), 0.0892562 secs]
503.612: [GC pause (G1 Evacuation Pause) (young) 2376M->1748M(4692M), 0.0985754 secs]
505.434: [GC pause (G1 Evacuation Pause) (young) 4167M->1833M(4692M), 0.1186476 secs]
507.068: [GC pause (G1 Evacuation Pause) (young) 3975M->1856M(4692M), 0.0967173 secs]
508.946: [GC pause (G1 Evacuation Pause) (young) 4040M->1916M(4692M), 0.1004250 secs]
510.927: [GC pause (G1 Evacuation Pause) (young) 4141M->1954M(4692M), 0.1021010 secs]
512.936: [GC pause (G1 Evacuation Pause) (young) 4084M->1973M(4692M), 0.0727211 secs]
514.676: [GC pause (G1 Evacuation Pause) (young) 4067M->1993M(4692M), 0.0731102 secs]
516.537: [GC pause (G1 Evacuation Pause) (young) 4066M->1986M(4692M), 0.0838789 secs]
518.094: [GC pause (G1 Evacuation Pause) (young) 4080M->1996M(4692M), 0.0794911 secs]
520.000: [GC pause (G1 Evacuation Pause) (young) 4070M->2017M(4692M), 0.0845198 secs]
521.835: [GC pause (G1 Evacuation Pause) (young) 4072M->2015M(4692M), 0.0987064 secs]
523.800: [GC pause (G1 Evacuation Pause) (young) 4073M->2023M(4692M), 0.0869326 secs]
525.757: [GC pause (G1 Evacuation Pause) (young) 4065M->2045M(4692M), 0.0757462 secs]
527.945: [GC pause (G1 Evacuation Pause) (young) 4167M->2079M(4692M), 0.1130215 secs]
529.714: [GC pause (G1 Evacuation Pause) (young) 4095M->2146M(4692M), 0.1219235 secs]
531.198: [GC pause (G1 Evacuation Pause) (young) 3986M->2197M(4692M), 0.1140583 secs]
532.336: [GC pause (G1 Humongous Allocation) (young) (initial-mark) 3281M->2196M(4692M), 0.0434330 secs]
532.379: [GC concurrent-root-region-scan-start]
532.400: [GC concurrent-root-region-scan-end, 0.0208495 secs]
532.400: [GC concurrent-mark-start]
532.708: [GC concurrent-mark-end, 0.3073628 secs]
532.708: [GC remark, 0.0064777 secs]
532.715: [GC cleanup 2657M->1200M(4692M), 0.0040248 secs]
532.719: [GC concurrent-cleanup-start]
532.722: [GC concurrent-cleanup-end, 0.0036749 secs]
533.712: [GC pause (G1 Evacuation Pause) (young) 2698M->783M(4692M), 0.0618539 secs]
533.888: [GC pause (G1 Evacuation Pause) (mixed) 923M->693M(4692M), 0.0458548 secs]
536.452: [GC pause (G1 Evacuation Pause) (young) 3489M->740M(4692M), 0.0870478 secs]
538.860: [GC pause (G1 Evacuation Pause) (young) 3507M->770M(4692M), 0.0804250 secs]
541.386: [GC pause (G1 Evacuation Pause) (young) 3492M->805M(4692M), 0.0822618 secs]
543.792: [GC pause (G1 Evacuation Pause) (young) 3506M->831M(4692M), 0.0877121 secs]
546.140: [GC pause (G1 Evacuation Pause) (young) 3499M->852M(4692M), 0.0956093 secs]
548.505: [GC pause (G1 Evacuation Pause) (young) 3486M->831M(4692M), 0.0833409 secs]
551.026: [GC pause (G1 Evacuation Pause) (young) 3510M->860M(4692M), 0.1071250 secs]
552.781: [GC pause (G1 Evacuation Pause) (young) 2809M->909M(4692M), 0.1341718 secs]
555.043: [GC pause (G1 Evacuation Pause) (young) 3718M->1018M(4692M), 0.1557138 secs]
556.271: [GC pause (G1 Evacuation Pause) (young) 2422M->1063M(4692M), 0.0820843 secs]
558.295: [GC pause (G1 Evacuation Pause) (young) 3836M->1100M(4692M), 0.0621650 secs]
560.086: [GC pause (G1 Evacuation Pause) (young) 3851M->1135M(4692M), 0.0799425 secs]
562.070: [GC pause (G1 Evacuation Pause) (young) 3838M->1150M(4692M), 0.0736833 secs]
564.180: [GC pause (G1 Evacuation Pause) (young) 3840M->1165M(4692M), 0.0749808 secs]
566.247: [GC pause (G1 Evacuation Pause) (young) 3854M->1210M(4692M), 0.0922667 secs]
568.368: [GC pause (G1 Evacuation Pause) (young) 3828M->1183M(4692M), 0.0860912 secs]
570.631: [GC pause (G1 Evacuation Pause) (young) 3856M->1228M(4692M), 0.1018821 secs]
572.940: [GC pause (G1 Evacuation Pause) (young) 3832M->1247M(4692M), 0.1065063 secs]
575.303: [GC pause (G1 Evacuation Pause) (young) 3854M->1328M(4692M), 0.1225012 secs]
577.166: [GC pause (G1 Evacuation Pause) (young) 3952M->1381M(4692M), 0.1253671 secs]
579.395: [GC pause (G1 Evacuation Pause) (young) 3951M->1375M(4692M), 0.1182717 secs]
581.685: [GC pause (G1 Evacuation Pause) (young) 4041M->1411M(4692M), 0.1358363 secs]
583.908: [GC pause (G1 Evacuation Pause) (young) 4025M->1413M(4692M), 0.0903749 secs]
585.952: [GC pause (G1 Evacuation Pause) (young) 4132M->1456M(4692M), 0.0884860 secs]
587.872: [GC pause (G1 Evacuation Pause) (young) 4064M->1462M(4692M), 0.0760628 secs]
590.289: [GC pause (G1 Evacuation Pause) (young) 4077M->1472M(4692M), 0.0994834 secs]
592.371: [GC pause (G1 Evacuation Pause) (young) 4052M->1501M(4692M), 0.1002330 secs]
594.486: [GC pause (G1 Evacuation Pause) (young) 4040M->1490M(4692M), 0.0917232 secs]
596.659: [GC pause (G1 Evacuation Pause) (young) 4064M->1503M(4692M), 0.0884613 secs]
598.861: [GC pause (G1 Evacuation Pause) (young) 4188M->1608M(4692M), 0.1784578 secs]
600.835: [GC pause (G1 Evacuation Pause) (young) 3614M->1633M(4692M), 0.1361008 secs]
603.037: [GC pause (G1 Evacuation Pause) (young) 4111M->1660M(4692M), 0.0767216 secs]
605.097: [GC pause (G1 Evacuation Pause) (young) 4143M->1704M(4692M), 0.0742303 secs]
607.205: [GC pause (G1 Evacuation Pause) (young) 4098M->1726M(4692M), 0.0748967 secs]
609.311: [GC pause (G1 Evacuation Pause) (young) 4073M->1726M(4692M), 0.0813599 secs]
611.403: [GC pause (G1 Evacuation Pause) (young) 4091M->1771M(4692M), 0.1071596 secs]
613.235: [GC pause (G1 Evacuation Pause) (young) 4024M->1796M(4692M), 0.1050301 secs]
615.155: [GC pause (G1 Evacuation Pause) (young) 4072M->1791M(4692M), 0.1116963 secs]
617.215: [GC pause (G1 Evacuation Pause) (young) 4077M->1813M(4692M), 0.0885304 secs]
619.230: [GC pause (G1 Evacuation Pause) (young) 4055M->1798M(4692M), 0.0808427 secs]
621.482: [GC pause (G1 Evacuation Pause) (young) 4095M->1807M(4692M), 0.0878260 secs]
623.329: [GC pause (G1 Evacuation Pause) (young) 4154M->1916M(4692M), 0.1610864 secs]
625.175: [GC pause (G1 Evacuation Pause) (young) 3954M->1890M(4692M), 0.1021748 secs]
627.053: [GC pause (G1 Evacuation Pause) (young) 4075M->1945M(4692M), 0.1147551 secs]
628.618: [GC pause (G1 Evacuation Pause) (young) 4119M->1956M(4692M), 0.0665276 secs]
630.402: [GC pause (G1 Evacuation Pause) (young) 4133M->1985M(4692M), 0.0716532 secs]
632.138: [GC pause (G1 Evacuation Pause) (young) 4086M->1999M(4692M), 0.0808248 secs]
633.815: [GC pause (G1 Evacuation Pause) (young) 4065M->2015M(4692M), 0.0744188 secs]
635.497: [GC pause (G1 Evacuation Pause) (young) 4087M->2025M(4692M), 0.0839502 secs]
637.399: [GC pause (G1 Evacuation Pause) (young) 4085M->2041M(4692M), 0.0825225 secs]
639.083: [GC pause (G1 Evacuation Pause) (young) 4060M->2063M(4692M), 0.0892075 secs]
640.982: [GC pause (G1 Evacuation Pause) (young) 4071M->2072M(4692M), 0.0902183 secs]
642.963: [GC pause (G1 Evacuation Pause) (young) 4083M->2066M(4692M), 0.0706002 secs]
644.858: [GC pause (G1 Evacuation Pause) (young) 4085M->2090M(4692M), 0.0821829 secs]
646.723: [GC pause (G1 Evacuation Pause) (young) 4167M->2172M(4692M), 0.1610566 secs]
648.436: [GC pause (G1 Evacuation Pause) (young) 3999M->2231M(4692M), 0.1115423 secs]
649.428: [GC pause (G1 Humongous Allocation) (young) (initial-mark) 3151M->2235M(4692M), 0.0427439 secs]
649.471: [GC concurrent-root-region-scan-start]
649.491: [GC concurrent-root-region-scan-end, 0.0204728 secs]
649.491: [GC concurrent-mark-start]
649.836: [GC concurrent-mark-end, 0.3448553 secs]
649.837: [GC remark, 0.0068672 secs]
649.844: [GC cleanup 2688M->1113M(4692M), 0.0052971 secs]
649.849: [GC concurrent-cleanup-start]
649.852: [GC concurrent-cleanup-end, 0.0034219 secs]
650.800: [GC pause (G1 Evacuation Pause) (young) 2558M->677M(4692M), 0.0411115 secs]
650.983: [GC pause (G1 Evacuation Pause) (mixed) 839M->655M(4692M), 0.0302853 secs]
653.524: [GC pause (G1 Evacuation Pause) (young) 3466M->718M(4692M), 0.0900916 secs]
655.756: [GC pause (G1 Evacuation Pause) (young) 3448M->745M(4692M), 0.0646465 secs]
658.042: [GC pause (G1 Evacuation Pause) (young) 3470M->763M(4692M), 0.0893044 secs]
660.386: [GC pause (G1 Evacuation Pause) (young) 3449M->794M(4692M), 0.0880577 secs]
662.798: [GC pause (G1 Evacuation Pause) (young) 3471M->787M(4692M), 0.0894772 secs]
664.899: [GC pause (G1 Evacuation Pause) (young) 3449M->814M(4692M), 0.0928265 secs]
667.583: [GC pause (G1 Evacuation Pause) (young) 3471M->799M(4692M), 0.0948344 secs]
669.679: [GC pause (G1 Evacuation Pause) (young) 3546M->909M(4692M), 0.1535122 secs]
671.892: [GC pause (G1 Evacuation Pause) (young) 3451M->895M(4692M), 0.1353789 secs]
674.298: [GC pause (G1 Evacuation Pause) (young) 3550M->937M(4692M), 0.1474967 secs]
676.298: [GC pause (G1 Evacuation Pause) (young) 3534M->984M(4692M), 0.1099990 secs]
678.746: [GC pause (G1 Evacuation Pause) (young) 3683M->1005M(4692M), 0.0924758 secs]
681.376: [GC pause (G1 Evacuation Pause) (young) 3664M->1020M(4692M), 0.0883418 secs]
683.635: [GC pause (G1 Evacuation Pause) (young) 3687M->1023M(4692M), 0.0942119 secs]
686.089: [GC pause (G1 Evacuation Pause) (young) 3665M->1053M(4692M), 0.1017221 secs]
688.172: [GC pause (G1 Evacuation Pause) (young) 3668M->1049M(4692M), 0.0881558 secs]
690.510: [GC pause (G1 Evacuation Pause) (young) 3706M->1062M(4692M), 0.1060498 secs]
692.767: [GC pause (G1 Evacuation Pause) (young) 3690M->1073M(4692M), 0.0859427 secs]
694.966: [GC pause (G1 Evacuation Pause) (young) 3842M->1177M(4692M), 0.1707155 secs]
697.523: [GC pause (G1 Evacuation Pause) (young) 3721M->1207M(4692M), 0.1266924 secs]
699.747: [GC pause (G1 Evacuation Pause) (young) 3846M->1246M(4692M), 0.1257273 secs]
702.250: [GC pause (G1 Evacuation Pause) (young) 3948M->1265M(4692M), 0.0974968 secs]
704.658: [GC pause (G1 Evacuation Pause) (young) 3953M->1252M(4692M), 0.0642066 secs]
706.841: [GC pause (G1 Evacuation Pause) (young) 3967M->1296M(4692M), 0.0857972 secs]
709.147: [GC pause (G1 Evacuation Pause) (young) 3952M->1320M(4692M), 0.0959834 secs]
711.670: [GC pause (G1 Evacuation Pause) (young) 3967M->1321M(4692M), 0.1012613 secs]
714.024: [GC pause (G1 Evacuation Pause) (young) 3953M->1337M(4692M), 0.1028374 secs]
716.492: [GC pause (G1 Evacuation Pause) (young) 3968M->1329M(4692M), 0.0916280 secs]
718.980: [GC pause (G1 Evacuation Pause) (young) 4097M->1443M(4692M), 0.1151387 secs]
721.095: [GC pause (G1 Evacuation Pause) (young) 3997M->1424M(4692M), 0.1296974 secs]
723.322: [GC pause (G1 Evacuation Pause) (young) 4037M->1489M(4692M), 0.1483718 secs]
725.727: [GC pause (G1 Evacuation Pause) (young) 3993M->1533M(4692M), 0.1156387 secs]
727.462: [GC pause (G1 Evacuation Pause) (young) 4046M->1548M(4692M), 0.1136304 secs]
729.121: [GC pause (G1 Evacuation Pause) (young) 4099M->1579M(4692M), 0.0814934 secs]
730.699: [GC pause (G1 Evacuation Pause) (young) 4065M->1596M(4692M), 0.0711493 secs]
732.760: [GC pause (G1 Evacuation Pause) (young) 4073M->1581M(4692M), 0.0991109 secs]
734.899: [GC pause (G1 Evacuation Pause) (young) 4063M->1615M(4692M), 0.0802663 secs]
737.064: [GC pause (G1 Evacuation Pause) (young) 4029M->1577M(4692M), 0.0773138 secs]
739.178: [GC pause (G1 Evacuation Pause) (young) 4105M->1622M(4692M), 0.0985887 secs]
741.388: [GC pause (G1 Evacuation Pause) (young) 4035M->1577M(4692M), 0.0654785 secs]
743.494: [GC pause (G1 Evacuation Pause) (young) 4205M->1716M(4692M), 0.1539615 secs]
745.512: [GC pause (G1 Evacuation Pause) (young) 3955M->1746M(4692M), 0.1303045 secs]
747.581: [GC pause (G1 Evacuation Pause) (young) 4028M->1761M(4692M), 0.1185767 secs]
749.676: [GC pause (G1 Evacuation Pause) (young) 4146M->1800M(4692M), 0.0750413 secs]
751.532: [GC pause (G1 Evacuation Pause) (young) 4097M->1827M(4692M), 0.0797901 secs]
753.573: [GC pause (G1 Evacuation Pause) (young) 4090M->1824M(4692M), 0.0765253 secs]
755.264: [GC pause (G1 Evacuation Pause) (young) 4070M->1851M(4692M), 0.0732835 secs]
757.160: [GC pause (G1 Evacuation Pause) (young) 4045M->1860M(4692M), 0.0770390 secs]
759.119: [GC pause (G1 Evacuation Pause) (young) 4071M->1861M(4692M), 0.0850693 secs]
760.900: [GC pause (G1 Evacuation Pause) (young) 4065M->1884M(4692M), 0.0775450 secs]
762.850: [GC pause (G1 Evacuation Pause) (young) 4044M->1855M(4692M), 0.0756374 secs]
765.171: [GC pause (G1 Evacuation Pause) (young) 4123M->1884M(4692M), 0.0847450 secs]
766.945: [GC pause (G1 Evacuation Pause) (young) 4174M->2015M(4692M), 0.1478286 secs]
768.486: [GC pause (G1 Evacuation Pause) (young) 3952M->1991M(4692M), 0.1048607 secs]
770.134: [GC pause (G1 Evacuation Pause) (young) 4066M->2036M(4692M), 0.1104688 secs]
771.771: [GC pause (G1 Evacuation Pause) (young) 4129M->2062M(4692M), 0.0791510 secs]
773.493: [GC pause (G1 Evacuation Pause) (young) 4103M->2055M(4692M), 0.0625686 secs]
775.114: [GC pause (G1 Evacuation Pause) (young) 4126M->2092M(4692M), 0.0765731 secs]
776.818: [GC pause (G1 Evacuation Pause) (young) 4072M->2115M(4692M), 0.0697660 secs]
778.378: [GC pause (G1 Evacuation Pause) (young) 4060M->2104M(4692M), 0.0662836 secs]
779.824: [GC pause (G1 Evacuation Pause) (young) 4115M->2135M(4692M), 0.0764007 secs]
781.314: [GC pause (G1 Evacuation Pause) (young) 4066M->2163M(4692M), 0.0711941 secs]
782.799: [GC pause (G1 Evacuation Pause) (young) 4052M->2128M(4692M), 0.0616687 secs]
784.569: [GC pause (G1 Evacuation Pause) (young) 4138M->2168M(4692M), 0.0869402 secs]
786.450: [GC pause (G1 Evacuation Pause) (young) 4135M->2245M(4692M), 0.0911544 secs]
786.662: [GC pause (G1 Humongous Allocation) (young) (initial-mark) 2334M->2235M(4692M), 0.0697579 secs]
786.732: [GC concurrent-root-region-scan-start]
786.795: [GC concurrent-root-region-scan-end, 0.0627678 secs]
786.795: [GC concurrent-mark-start]
787.027: [GC concurrent-mark-end, 0.2320207 secs]
787.027: [GC remark, 0.0078545 secs]
787.036: [GC cleanup 2625M->1198M(4692M), 0.0047723 secs]
787.040: [GC concurrent-cleanup-start]
787.044: [GC concurrent-cleanup-end, 0.0034505 secs]
788.152: [GC pause (G1 Evacuation Pause) (young) 2690M->828M(4692M), 0.1125915 secs]
788.295: [GC pause (G1 Evacuation Pause) (mixed) 868M->706M(4692M), 0.0788348 secs]
790.431: [GC pause (G1 Evacuation Pause) (young) 3527M->779M(4692M), 0.0775693 secs]
792.634: [GC pause (G1 Evacuation Pause) (young) 3503M->788M(4692M), 0.0557705 secs]
794.728: [GC pause (G1 Evacuation Pause) (young) 3527M->830M(4692M), 0.0779452 secs]
796.646: [GC pause (G1 Evacuation Pause) (young) 3504M->859M(4692M), 0.0796656 secs]
798.896: [GC pause (G1 Evacuation Pause) (young) 3526M->854M(4692M), 0.0924046 secs]
801.032: [GC pause (G1 Evacuation Pause) (young) 3504M->882M(4692M), 0.0917769 secs]
803.245: [GC pause (G1 Evacuation Pause) (young) 3527M->867M(4692M), 0.0907572 secs]
805.552: [GC pause (G1 Evacuation Pause) (young) 3530M->897M(4692M), 0.0913550 secs]
807.995: [GC pause (G1 Evacuation Pause) (young) 3524M->861M(4692M), 0.0748779 secs]
810.043: [GC pause (G1 Evacuation Pause) (young) 3630M->990M(4692M), 0.1576897 secs]
812.319: [GC pause (G1 Evacuation Pause) (young) 3525M->1028M(4692M), 0.1561785 secs]
814.783: [GC pause (G1 Evacuation Pause) (young) 3647M->1046M(4692M), 0.1446495 secs]
817.361: [GC pause (G1 Evacuation Pause) (young) 3767M->1085M(4692M), 0.1034185 secs]
819.598: [GC pause (G1 Evacuation Pause) (young) 3788M->1112M(4692M), 0.0839907 secs]
821.455: [GC pause (G1 Evacuation Pause) (young) 3774M->1133M(4692M), 0.0800508 secs]
823.728: [GC pause (G1 Evacuation Pause) (young) 3765M->1104M(4692M), 0.0768752 secs]
826.156: [GC pause (G1 Evacuation Pause) (young) 3787M->1151M(4692M), 0.1030051 secs]
828.567: [GC pause (G1 Evacuation Pause) (young) 3765M->1160M(4692M), 0.1097272 secs]
831.187: [GC pause (G1 Evacuation Pause) (young) 3902M->1206M(4692M), 0.1023425 secs]
833.130: [GC pause (G1 Evacuation Pause) (young) 3833M->1269M(4692M), 0.1375737 secs]
835.136: [GC pause (G1 Evacuation Pause) (young) 3793M->1253M(4692M), 0.1164746 secs]
836.975: [GC pause (G1 Evacuation Pause) (young) 3900M->1302M(4692M), 0.1154595 secs]
839.185: [GC pause (G1 Evacuation Pause) (young) 3882M->1330M(4692M), 0.0964340 secs]
841.513: [GC pause (G1 Evacuation Pause) (young) 4063M->1379M(4692M), 0.0984841 secs]
843.847: [GC pause (G1 Evacuation Pause) (young) 4039M->1406M(4692M), 0.0948592 secs]
846.051: [GC pause (G1 Evacuation Pause) (young) 4061M->1394M(4692M), 0.0939969 secs]
848.267: [GC pause (G1 Evacuation Pause) (young) 4040M->1428M(4692M), 0.0916660 secs]
850.393: [GC pause (G1 Evacuation Pause) (young) 4016M->1383M(4692M), 0.0769473 secs]
852.942: [GC pause (G1 Evacuation Pause) (young) 4188M->1499M(4692M), 0.1214393 secs]
854.762: [GC pause (G1 Evacuation Pause) (young) 4028M->1563M(4692M), 0.1410143 secs]
856.729: [GC pause (G1 Evacuation Pause) (young) 3950M->1579M(4692M), 0.1266139 secs]
858.527: [GC pause (G1 Evacuation Pause) (young) 4038M->1614M(4692M), 0.1150909 secs]
860.487: [GC pause (G1 Evacuation Pause) (young) 4131M->1631M(4692M), 0.0960803 secs]
862.535: [GC pause (G1 Evacuation Pause) (young) 4103M->1647M(4692M), 0.0714266 secs]
864.428: [GC pause (G1 Evacuation Pause) (young) 4082M->1679M(4692M), 0.0874066 secs]
866.396: [GC pause (G1 Evacuation Pause) (young) 4066M->1677M(4692M), 0.0895186 secs]
868.363: [GC pause (G1 Evacuation Pause) (young) 4065M->1694M(4692M), 0.0784986 secs]
870.282: [GC pause (G1 Evacuation Pause) (young) 4050M->1673M(4692M), 0.0757343 secs]
872.434: [GC pause (G1 Evacuation Pause) (young) 4088M->1696M(4692M), 0.0827303 secs]
874.410: [GC pause (G1 Evacuation Pause) (young) 4167M->1820M(4692M), 0.1145648 secs]
876.248: [GC pause (G1 Evacuation Pause) (young) 4027M->1826M(4692M), 0.1366909 secs]
878.029: [GC pause (G1 Evacuation Pause) (young) 4002M->1855M(4692M), 0.1169038 secs]
879.637: [GC pause (G1 Evacuation Pause) (young) 4055M->1867M(4692M), 0.0958631 secs]
881.441: [GC pause (G1 Evacuation Pause) (young) 4148M->1910M(4692M), 0.0743382 secs]
883.258: [GC pause (G1 Evacuation Pause) (young) 4094M->1932M(4692M), 0.0697916 secs]
885.190: [GC pause (G1 Evacuation Pause) (young) 4072M->1904M(4692M), 0.0553374 secs]
886.850: [GC pause (G1 Evacuation Pause) (young) 4123M->1952M(4692M), 0.0921963 secs]
888.576: [GC pause (G1 Evacuation Pause) (young) 4052M->1974M(4692M), 0.0806345 secs]
890.424: [GC pause (G1 Evacuation Pause) (young) 4061M->1970M(4692M), 0.0756468 secs]
892.126: [GC pause (G1 Evacuation Pause) (young) 4090M->1989M(4692M), 0.0898241 secs]
893.895: [GC pause (G1 Evacuation Pause) (young) 4061M->1999M(4692M), 0.0709125 secs]
895.844: [GC pause (G1 Evacuation Pause) (young) 4087M->2005M(4692M), 0.0818322 secs]
897.511: [GC pause (G1 Evacuation Pause) (young) 4179M->2108M(4692M), 0.1331116 secs]
898.924: [GC pause (G1 Evacuation Pause) (young) 3979M->2137M(4692M), 0.1051538 secs]
900.577: [GC pause (G1 Evacuation Pause) (young) 4128M->2147M(4692M), 0.0534755 secs]
900.774: [GC pause (G1 Humongous Allocation) (young) (initial-mark) 2334M->2166M(4692M), 0.0327403 secs]
900.807: [GC concurrent-root-region-scan-start]
900.834: [GC concurrent-root-region-scan-end, 0.0266948 secs]
900.834: [GC concurrent-mark-start]
901.164: [GC concurrent-mark-end, 0.3309528 secs]
901.165: [GC remark, 0.0066978 secs]
901.172: [GC cleanup 2667M->1145M(4692M), 0.0041634 secs]
901.176: [GC concurrent-cleanup-start]
901.179: [GC concurrent-cleanup-end, 0.0033323 secs]
902.151: [GC pause (G1 Evacuation Pause) (young) 2594M->680M(4692M), 0.0611486 secs]
902.309: [GC pause (G1 Evacuation Pause) (mixed) 792M->674M(4692M), 0.0416286 secs]
904.196: [GC pause (G1 Evacuation Pause) (young) 3471M->723M(4692M), 0.0829654 secs]
906.671: [GC pause (G1 Evacuation Pause) (young) 3493M->767M(4692M), 0.0735053 secs]
908.664: [GC pause (G1 Evacuation Pause) (young) 3474M->796M(4692M), 0.0716668 secs]
910.777: [GC pause (G1 Evacuation Pause) (young) 3494M->807M(4692M), 0.0763448 secs]
913.078: [GC pause (G1 Evacuation Pause) (young) 3482M->847M(4692M), 0.0971380 secs]
915.396: [GC pause (G1 Evacuation Pause) (young) 3470M->808M(4692M), 0.0775903 secs]
918.090: [GC pause (G1 Evacuation Pause) (young) 3529M->845M(4692M), 0.1042710 secs]
920.429: [GC pause (G1 Evacuation Pause) (young) 3602M->923M(4692M), 0.1577055 secs]
922.503: [GC pause (G1 Evacuation Pause) (young) 3527M->971M(4692M), 0.1255783 secs]
924.602: [GC pause (G1 Evacuation Pause) (young) 3553M->1006M(4692M), 0.1461680 secs]
926.823: [GC pause (G1 Evacuation Pause) (young) 3737M->1032M(4692M), 0.0869611 secs]
928.770: [GC pause (G1 Evacuation Pause) (young) 3714M->1058M(4692M), 0.0751455 secs]
931.257: [GC pause (G1 Evacuation Pause) (young) 3737M->1059M(4692M), 0.0865878 secs]
933.449: [GC pause (G1 Evacuation Pause) (young) 3713M->1078M(4692M), 0.0771969 secs]
935.729: [GC pause (G1 Evacuation Pause) (young) 3737M->1087M(4692M), 0.1044989 secs]
938.096: [GC pause (G1 Evacuation Pause) (young) 3717M->1107M(4692M), 0.1075303 secs]
940.502: [GC pause (G1 Evacuation Pause) (young) 3746M->1102M(4692M), 0.0906480 secs]
942.483: [GC pause (G1 Evacuation Pause) (young) 3851M->1218M(4692M), 0.1559929 secs]
944.433: [GC pause (G1 Evacuation Pause) (young) 3748M->1230M(4692M), 0.1249819 secs]
946.554: [GC pause (G1 Evacuation Pause) (young) 3871M->1282M(4692M), 0.1219679 secs]
948.581: [GC pause (G1 Evacuation Pause) (young) 3881M->1318M(4692M), 0.1113285 secs]
950.884: [GC pause (G1 Evacuation Pause) (young) 4023M->1328M(4692M), 0.1018881 secs]
952.941: [GC pause (G1 Evacuation Pause) (young) 4007M->1364M(4692M), 0.0826322 secs]
954.936: [GC pause (G1 Evacuation Pause) (young) 4007M->1349M(4692M), 0.0726507 secs]
956.913: [GC pause (G1 Evacuation Pause) (young) 4022M->1393M(4692M), 0.0991335 secs]
958.940: [GC pause (G1 Evacuation Pause) (young) 4006M->1415M(4692M), 0.1007642 secs]
961.612: [GC pause (G1 Evacuation Pause) (young) 4035M->1415M(4692M), 0.1061949 secs]
963.886: [GC pause (G1 Evacuation Pause) (young) 4136M->1535M(4692M), 0.1834544 secs]
966.058: [GC pause (G1 Evacuation Pause) (young) 3950M->1535M(4692M), 0.1314698 secs]
968.213: [GC pause (G1 Evacuation Pause) (young) 4023M->1577M(4692M), 0.1258092 secs]
970.633: [GC pause (G1 Evacuation Pause) (young) 4109M->1567M(4692M), 0.0703587 secs]
972.841: [GC pause (G1 Evacuation Pause) (young) 4142M->1619M(4692M), 0.0900809 secs]
975.112: [GC pause (G1 Evacuation Pause) (young) 4067M->1639M(4692M), 0.0812412 secs]
977.175: [GC pause (G1 Evacuation Pause) (young) 4070M->1633M(4692M), 0.0882608 secs]
979.048: [GC pause (G1 Evacuation Pause) (young) 4053M->1659M(4692M), 0.0889673 secs]
981.048: [GC pause (G1 Evacuation Pause) (young) 4027M->1655M(4692M), 0.0783190 secs]
982.909: [GC pause (G1 Evacuation Pause) (young) 4084M->1662M(4692M), 0.0859973 secs]
985.052: [GC pause (G1 Evacuation Pause) (young) 4056M->1680M(4692M), 0.0880777 secs]
986.963: [GC pause (G1 Evacuation Pause) (young) 4128M->1740M(4692M), 0.1317514 secs]
988.682: [GC pause (G1 Evacuation Pause) (young) 4015M->1816M(4692M), 0.1259841 secs]
990.345: [GC pause (G1 Evacuation Pause) (young) 4003M->1848M(4692M), 0.1210450 secs]
992.338: [GC pause (G1 Evacuation Pause) (young) 4118M->1845M(4692M), 0.0732715 secs]
994.061: [GC pause (G1 Evacuation Pause) (young) 4142M->1889M(4692M), 0.0730241 secs]
995.628: [GC pause (G1 Evacuation Pause) (young) 4075M->1913M(4692M), 0.0679757 secs]
997.476: [GC pause (G1 Evacuation Pause) (young) 4070M->1911M(4692M), 0.0886699 secs]
999.188: [GC pause (G1 Evacuation Pause) (young) 4066M->1922M(4692M), 0.0696794 secs]
1001.054: [GC pause (G1 Evacuation Pause) (young) 4057M->1957M(4692M), 0.0886153 secs]
1002.728: [GC pause (G1 Evacuation Pause) (young) 4058M->1958M(4692M), 0.0857426 secs]
1004.456: [GC pause (G1 Evacuation Pause) (young) 4079M->1970M(4692M), 0.0805244 secs]
1006.447: [GC pause (G1 Evacuation Pause) (young) 4065M->1939M(4692M), 0.0596954 secs]
1008.094: [GC pause (G1 Evacuation Pause) (young) 4222M->2087M(4692M), 0.1268067 secs]
1009.727: [GC pause (G1 Evacuation Pause) (young) 4010M->2084M(4692M), 0.1067606 secs]
1011.175: [GC pause (G1 Evacuation Pause) (young) 4040M->2093M(4692M), 0.1009550 secs]
1012.805: [GC pause (G1 Evacuation Pause) (young) 4154M->2139M(4692M), 0.0877428 secs]
1014.255: [GC pause (G1 Evacuation Pause) (young) 4093M->2158M(4692M), 0.0663655 secs]
1015.740: [GC pause (G1 Evacuation Pause) (young) 4072M->2135M(4692M), 0.0526738 secs]
1017.183: [GC pause (G1 Evacuation Pause) (young) 4146M->2183M(4692M), 0.0762561 secs]
1018.579: [GC pause (G1 Evacuation Pause) (young) 4074M->2207M(4692M), 0.0691115 secs]
1019.888: [GC pause (G1 Evacuation Pause) (young) 4070M->2237M(4692M), 0.0703668 secs]
1021.000: [GC pause (G1 Humongous Allocation) (young) (initial-mark) 3627M->2229M(4692M), 0.0591198 secs]
1021.059: [GC concurrent-root-region-scan-start]
1021.096: [GC concurrent-root-region-scan-end, 0.0370833 secs]
1021.096: [GC concurrent-mark-start]
1021.400: [GC concurrent-mark-end, 0.3044252 secs]
1021.401: [GC remark, 0.0065865 secs]
1021.408: [GC cleanup 2691M->1265M(4692M), 0.0045632 secs]
1021.412: [GC concurrent-cleanup-start]
1021.416: [GC concurrent-cleanup-end, 0.0033579 secs]
1022.330: [GC pause (G1 Evacuation Pause) (young) 2691M->835M(4692M), 0.0715098 secs]
1022.455: [GC pause (G1 Evacuation Pause) (mixed) 917M->711M(4692M), 0.0517927 secs]
1024.474: [GC pause (G1 Evacuation Pause) (young) 3513M->759M(4692M), 0.0754283 secs]
1026.841: [GC pause (G1 Evacuation Pause) (young) 3533M->790M(4692M), 0.0748664 secs]
1028.922: [GC pause (G1 Evacuation Pause) (young) 3601M->914M(4692M), 0.1367178 secs]
1031.080: [GC pause (G1 Evacuation Pause) (young) 3534M->935M(4692M), 0.1294021 secs]
1033.135: [GC pause (G1 Evacuation Pause) (young) 3543M->971M(4692M), 0.1188468 secs]
1035.231: [GC pause (G1 Evacuation Pause) (young) 3708M->1006M(4692M), 0.1801533 secs]
1037.394: [GC pause (G1 Evacuation Pause) (young) 3697M->1024M(4692M), 0.0792491 secs]
1039.444: [GC pause (G1 Evacuation Pause) (young) 3684M->996M(4692M), 0.0638051 secs]
1041.781: [GC pause (G1 Evacuation Pause) (young) 3707M->1054M(4692M), 0.0951805 secs]
1044.126: [GC pause (G1 Evacuation Pause) (young) 3684M->1066M(4692M), 0.0972024 secs]
1047.491: [GC pause (G1 Evacuation Pause) (young) 3684M->1047M(4692M), 0.0797744 secs]
1049.965: [GC pause (G1 Evacuation Pause) (young) 3720M->1088M(4692M), 0.1458937 secs]
1052.647: [GC pause (G1 Evacuation Pause) (young) 3705M->1050M(4692M), 0.0923619 secs]
1055.697: [GC pause (G1 Evacuation Pause) (young) 3813M->1165M(4692M), 0.1019875 secs]
1058.006: [GC pause (G1 Evacuation Pause) (young) 3846M->1201M(4692M), 0.2125301 secs]
1059.662: [GC pause (G1 Evacuation Pause) (young) 3091M->1222M(4692M), 0.1346275 secs]
1061.720: [GC pause (G1 Evacuation Pause) (young) 3984M->1252M(4692M), 0.0839135 secs]
1063.748: [GC pause (G1 Evacuation Pause) (young) 4007M->1304M(4692M), 0.0902448 secs]
1065.907: [GC pause (G1 Evacuation Pause) (young) 3987M->1331M(4692M), 0.0771209 secs]
1068.385: [GC pause (G1 Evacuation Pause) (young) 4002M->1354M(4692M), 0.1021057 secs]
1070.695: [GC pause (G1 Evacuation Pause) (young) 3984M->1393M(4692M), 0.1141074 secs]
1072.973: [GC pause (G1 Evacuation Pause) (young) 4006M->1382M(4692M), 0.1040756 secs]
1075.029: [GC pause (G1 Evacuation Pause) (young) 4035M->1401M(4692M), 0.0924144 secs]
1077.502: [GC pause (G1 Evacuation Pause) (young) 4059M->1392M(4692M), 0.1219598 secs]
1080.803: [GC pause (G1 Evacuation Pause) (young) 4125M->1496M(4692M), 0.1621936 secs]
1083.692: [GC pause (G1 Evacuation Pause) (young) 3945M->1529M(4692M), 0.1412460 secs]
1085.520: [GC pause (G1 Evacuation Pause) (young) 4032M->1564M(4692M), 0.1195440 secs]
1087.270: [GC pause (G1 Evacuation Pause) (young) 4002M->1591M(4692M), 0.0939572 secs]
1088.933: [GC pause (G1 Evacuation Pause) (young) 4102M->1594M(4692M), 0.0794578 secs]
1091.173: [GC pause (G1 Evacuation Pause) (young) 4117M->1642M(4692M), 0.0836937 secs]
1092.866: [GC pause (G1 Evacuation Pause) (young) 4050M->1658M(4692M), 0.0733808 secs]
1094.516: [GC pause (G1 Evacuation Pause) (young) 4057M->1660M(4692M), 0.0854708 secs]
1096.071: [GC pause (G1 Evacuation Pause) (young) 4053M->1689M(4692M), 0.0822030 secs]
1097.810: [GC pause (G1 Evacuation Pause) (young) 4026M->1655M(4692M), 0.0662951 secs]
1099.631: [GC pause (G1 Evacuation Pause) (young) 4112M->1687M(4692M), 0.0785340 secs]
1101.305: [GC pause (G1 Evacuation Pause) (young) 4153M->1827M(4692M), 0.1364084 secs]
1103.071: [GC pause (G1 Evacuation Pause) (young) 3981M->1798M(4692M), 0.1236827 secs]
1105.010: [GC pause (G1 Evacuation Pause) (young) 4025M->1829M(4692M), 0.1138198 secs]
1106.658: [GC pause (G1 Evacuation Pause) (young) 4098M->1835M(4692M), 0.0846623 secs]
1108.317: [GC pause (G1 Evacuation Pause) (young) 4110M->1865M(4692M), 0.0803845 secs]
1109.887: [GC pause (G1 Evacuation Pause) (young) 4064M->1894M(4692M), 0.0812493 secs]
1111.374: [GC pause (G1 Evacuation Pause) (young) 4030M->1872M(4692M), 0.0857916 secs]
1113.230: [GC pause (G1 Evacuation Pause) (young) 4111M->1905M(4692M), 0.0868750 secs]
1114.824: [GC pause (G1 Evacuation Pause) (young) 4064M->1943M(4692M), 0.0888453 secs]
1116.718: [GC pause (G1 Evacuation Pause) (young) 4064M->1942M(4692M), 0.0842527 secs]
1118.314: [GC pause (G1 Evacuation Pause) (young) 4086M->1963M(4692M), 0.0732178 secs]
1120.115: [GC pause (G1 Evacuation Pause) (young) 4062M->1978M(4692M), 0.0762219 secs]
1121.879: [GC pause (G1 Evacuation Pause) (young) 4167M->2049M(4692M), 0.1026040 secs]
1123.544: [GC pause (G1 Evacuation Pause) (young) 4056M->2100M(4692M), 0.1150977 secs]
1124.879: [GC pause (G1 Evacuation Pause) (young) 3988M->2147M(4692M), 0.1088180 secs]
1126.486: [GC pause (G1 Evacuation Pause) (young) 4096M->2185M(4692M), 0.0942943 secs]
1127.829: [GC pause (G1 Evacuation Pause) (young) 4136M->2208M(4692M), 0.0718328 secs]
1129.144: [GC pause (G1 Evacuation Pause) (young) 4108M->2232M(4692M), 0.0624244 secs]
1130.646: [GC pause (G1 Evacuation Pause) (young) 4084M->2224M(4692M), 0.0686345 secs]
1130.764: [GC pause (G1 Humongous Allocation) (young) (initial-mark) 2271M->2229M(4692M), 0.0492958 secs]
1130.814: [GC concurrent-root-region-scan-start]
1130.864: [GC concurrent-root-region-scan-end, 0.0505553 secs]
1130.864: [GC concurrent-mark-start]
1131.236: [GC concurrent-mark-end, 0.3721287 secs]
1131.237: [GC remark, 0.0081050 secs]
1131.245: [GC cleanup 2729M->1462M(4692M), 0.0051738 secs]
1131.251: [GC concurrent-cleanup-start]
1131.254: [GC concurrent-cleanup-end, 0.0033801 secs]
1132.221: [GC pause (G1 Evacuation Pause) (young) 2838M->1002M(4692M), 0.0775015 secs]
1132.361: [GC pause (G1 Evacuation Pause) (mixed) 1064M->765M(4692M), 0.0776261 secs]
1134.533: [GC pause (G1 Evacuation Pause) (young) 3568M->819M(4692M), 0.0633123 secs]
1136.443: [GC pause (G1 Evacuation Pause) (young) 3584M->857M(4692M), 0.0643994 secs]
1138.465: [GC pause (G1 Evacuation Pause) (young) 3568M->889M(4692M), 0.0726183 secs]
1140.661: [GC pause (G1 Evacuation Pause) (young) 3588M->901M(4692M), 0.0797338 secs]
1142.453: [GC pause (G1 Evacuation Pause) (young) 3654M->1033M(4692M), 0.1247169 secs]
1144.216: [GC pause (G1 Evacuation Pause) (young) 3612M->990M(4692M), 0.1060489 secs]
1145.993: [GC pause (G1 Evacuation Pause) (young) 3641M->1056M(4692M), 0.1229279 secs]
1147.789: [GC pause (G1 Evacuation Pause) (young) 3644M->1083M(4692M), 0.1003465 secs]
1149.697: [GC pause (G1 Evacuation Pause) (young) 3783M->1123M(4692M), 0.0914168 secs]
1151.473: [GC pause (G1 Evacuation Pause) (young) 3763M->1148M(4692M), 0.0907879 secs]
1153.603: [GC pause (G1 Evacuation Pause) (young) 3762M->1118M(4692M), 0.0726605 secs]
1155.278: [GC pause (G1 Evacuation Pause) (young) 3823M->1173M(4692M), 0.0950917 secs]
1157.137: [GC pause (G1 Evacuation Pause) (young) 3806M->1147M(4692M), 0.0685564 secs]
1159.381: [GC pause (G1 Evacuation Pause) (young) 3826M->1180M(4692M), 0.0876856 secs]
1161.052: [GC pause (G1 Evacuation Pause) (young) 3893M->1276M(4692M), 0.1458595 secs]
1162.911: [GC pause (G1 Evacuation Pause) (young) 3842M->1322M(4692M), 0.1240257 secs]
1164.679: [GC pause (G1 Evacuation Pause) (young) 3919M->1366M(4692M), 0.1223506 secs]
1166.771: [GC pause (G1 Evacuation Pause) (young) 4089M->1384M(4692M), 0.0899261 secs]
1168.809: [GC pause (G1 Evacuation Pause) (young) 4083M->1415M(4692M), 0.0844297 secs]
1170.909: [GC pause (G1 Evacuation Pause) (young) 4057M->1393M(4692M), 0.0734273 secs]
1173.387: [GC pause (G1 Evacuation Pause) (young) 4092M->1442M(4692M), 0.1031809 secs]
1175.311: [GC pause (G1 Evacuation Pause) (young) 4032M->1469M(4692M), 0.0890219 secs]
1177.411: [GC pause (G1 Evacuation Pause) (young) 4026M->1453M(4692M), 0.0968901 secs]
1179.788: [GC pause (G1 Evacuation Pause) (young) 4056M->1470M(4692M), 0.0956434 secs]
1181.751: [GC pause (G1 Evacuation Pause) (young) 4148M->1557M(4692M), 0.1583711 secs]
1183.614: [GC pause (G1 Evacuation Pause) (young) 3948M->1577M(4692M), 0.1184906 secs]
1185.485: [GC pause (G1 Evacuation Pause) (young) 4034M->1595M(4692M), 0.1100477 secs]
1187.366: [GC pause (G1 Evacuation Pause) (young) 4144M->1633M(4692M), 0.0846990 secs]
1189.138: [GC pause (G1 Evacuation Pause) (young) 4102M->1668M(4692M), 0.0707346 secs]
1191.118: [GC pause (G1 Evacuation Pause) (young) 4081M->1661M(4692M), 0.0831058 secs]
1192.973: [GC pause (G1 Evacuation Pause) (young) 4074M->1691M(4692M), 0.0765509 secs]
1194.976: [GC pause (G1 Evacuation Pause) (young) 4041M->1663M(4692M), 0.0647335 secs]
1196.906: [GC pause (G1 Evacuation Pause) (young) 4111M->1712M(4692M), 0.0948306 secs]
1199.039: [GC pause (G1 Evacuation Pause) (young) 4037M->1734M(4692M), 0.0855898 secs]
1201.231: [GC pause (G1 Evacuation Pause) (young) 4056M->1726M(4692M), 0.0894358 secs]
1203.159: [GC pause (G1 Evacuation Pause) (young) 4203M->1852M(4692M), 0.1543208 secs]
1204.994: [GC pause (G1 Evacuation Pause) (young) 3965M->1888M(4692M), 0.1129511 secs]
1206.709: [GC pause (G1 Evacuation Pause) (young) 4069M->1941M(4692M), 0.1234979 secs]
1208.437: [GC pause (G1 Evacuation Pause) (young) 4117M->1952M(4692M), 0.0712077 secs]
1210.021: [GC pause (G1 Evacuation Pause) (young) 4111M->1959M(4692M), 0.0571815 secs]
1211.647: [GC pause (G1 Evacuation Pause) (young) 4118M->1999M(4692M), 0.0818283 secs]
1213.143: [GC pause (G1 Evacuation Pause) (young) 4059M->2013M(4692M), 0.0695574 secs]
1214.579: [GC pause (G1 Evacuation Pause) (young) 4072M->2016M(4692M), 0.0706868 secs]
1216.400: [GC pause (G1 Evacuation Pause) (young) 4083M->2034M(4692M), 0.0963034 secs]
1218.274: [GC pause (G1 Evacuation Pause) (young) 4064M->2063M(4692M), 0.0767224 secs]
1219.747: [GC pause (G1 Evacuation Pause) (young) 4055M->2071M(4692M), 0.0799851 secs]
1221.549: [GC pause (G1 Evacuation Pause) (young) 4105M->2075M(4692M), 0.0801289 secs]
1223.153: [GC pause (G1 Evacuation Pause) (young) 4078M->2089M(4692M), 0.0679681 secs]
1224.623: [GC pause (G1 Evacuation Pause) (young) 4154M->2159M(4692M), 0.1284579 secs]
1226.016: [GC pause (G1 Evacuation Pause) (young) 4030M->2218M(4692M), 0.1089025 secs]
1226.137: [GC pause (G1 Humongous Allocation) (young) (initial-mark) 2243M->2218M(4692M), 0.0625724 secs]
1226.199: [GC concurrent-root-region-scan-start]
1226.224: [GC concurrent-root-region-scan-end, 0.0246652 secs]
1226.224: [GC concurrent-mark-start]
1226.529: [GC concurrent-mark-end, 0.3048314 secs]
1226.529: [GC remark, 0.0064051 secs]
1226.536: [GC cleanup 2652M->1389M(4692M), 0.0041737 secs]
1226.540: [GC concurrent-cleanup-start]
1226.542: [GC concurrent-cleanup-end, 0.0023381 secs]
1227.476: [GC pause (G1 Evacuation Pause) (young) 2834M->985M(4692M), 0.0452736 secs]
1227.630: [GC pause (G1 Evacuation Pause) (mixed) 1123M->730M(4692M), 0.0379964 secs]
1229.787: [GC pause (G1 Evacuation Pause) (young) 3531M->777M(4692M), 0.0743651 secs]
1232.319: [GC pause (G1 Evacuation Pause) (young) 3548M->831M(4692M), 0.0860276 secs]
1234.688: [GC pause (G1 Evacuation Pause) (young) 3529M->830M(4692M), 0.0755542 secs]
1237.126: [GC pause (G1 Evacuation Pause) (young) 3550M->889M(4692M), 0.1136018 secs]
1239.546: [GC pause (G1 Evacuation Pause) (young) 3526M->909M(4692M), 0.1134572 secs]
1241.836: [GC pause (G1 Evacuation Pause) (young) 3529M->893M(4692M), 0.0915901 secs]
1244.077: [GC pause (G1 Evacuation Pause) (young) 3581M->925M(4692M), 0.1182422 secs]
1246.364: [GC pause (G1 Evacuation Pause) (young) 3461M->978M(4692M), 0.1314642 secs]
1248.541: [GC pause (G1 Evacuation Pause) (young) 3784M->1056M(4692M), 0.1097469 secs]
1250.498: [GC pause (G1 Evacuation Pause) (young) 3634M->1088M(4692M), 0.0809955 secs]
1252.468: [GC pause (G1 Evacuation Pause) (young) 3741M->1112M(4692M), 0.1108165 secs]
1254.609: [GC pause (G1 Evacuation Pause) (young) 3722M->1142M(4692M), 0.1223835 secs]
1256.994: [GC pause (G1 Evacuation Pause) (young) 3846M->1151M(4692M), 0.0793217 secs]
1259.001: [GC pause (G1 Evacuation Pause) (young) 3834M->1194M(4692M), 0.0991677 secs]
1261.135: [GC pause (G1 Evacuation Pause) (young) 3826M->1166M(4692M), 0.0830913 secs]
1263.116: [GC pause (G1 Evacuation Pause) (young) 3843M->1201M(4692M), 0.0980677 secs]
1265.554: [GC pause (G1 Evacuation Pause) (young) 3830M->1176M(4692M), 0.0773287 secs]
1267.712: [GC pause (G1 Evacuation Pause) (young) 3964M->1309M(4692M), 0.1549117 secs]
1269.661: [GC pause (G1 Evacuation Pause) (young) 3852M->1337M(4692M), 0.1221010 secs]
1271.948: [GC pause (G1 Evacuation Pause) (young) 3973M->1382M(4692M), 0.1317923 secs]
1274.284: [GC pause (G1 Evacuation Pause) (young) 3983M->1420M(4692M), 0.1223698 secs]
1276.594: [GC pause (G1 Evacuation Pause) (young) 4108M->1436M(4692M), 0.0947696 secs]
1278.650: [GC pause (G1 Evacuation Pause) (young) 4070M->1455M(4692M), 0.0743600 secs]
1280.877: [GC pause (G1 Evacuation Pause) (young) 4056M->1446M(4692M), 0.0736820 secs]
1283.262: [GC pause (G1 Evacuation Pause) (young) 4082M->1486M(4692M), 0.1123551 secs]
1285.284: [GC pause (G1 Evacuation Pause) (young) 4023M->1510M(4692M), 0.0969195 secs]
1287.742: [GC pause (G1 Evacuation Pause) (young) 4046M->1506M(4692M), 0.0985639 secs]
1290.171: [GC pause (G1 Evacuation Pause) (young) 4147M->1605M(4692M), 0.1279502 secs]
1292.320: [GC pause (G1 Evacuation Pause) (young) 4025M->1626M(4692M), 0.1330638 secs]
1294.277: [GC pause (G1 Evacuation Pause) (young) 3990M->1660M(4692M), 0.1239916 secs]
1296.312: [GC pause (G1 Evacuation Pause) (young) 4069M->1661M(4692M), 0.1051453 secs]
1298.564: [GC pause (G1 Evacuation Pause) (young) 4089M->1706M(4692M), 0.1035598 secs]
1300.453: [GC pause (G1 Evacuation Pause) (young) 4026M->1739M(4692M), 0.0937955 secs]
1302.606: [GC pause (G1 Evacuation Pause) (young) 4077M->1721M(4692M), 0.0847881 secs]
1304.630: [GC pause (G1 Evacuation Pause) (young) 4112M->1760M(4692M), 0.0948651 secs]
1306.780: [GC pause (G1 Evacuation Pause) (young) 4054M->1792M(4692M), 0.0807207 secs]
1308.534: [GC pause (G1 Evacuation Pause) (young) 4062M->1796M(4692M), 0.0873596 secs]
1310.506: [GC pause (G1 Evacuation Pause) (young) 4065M->1802M(4692M), 0.0862853 secs]
1312.775: [GC pause (G1 Evacuation Pause) (young) 4065M->1770M(4692M), 0.0721946 secs]
1314.762: [GC pause (G1 Evacuation Pause) (young) 4203M->1909M(4692M), 0.1747479 secs]
1316.641: [GC pause (G1 Evacuation Pause) (young) 3957M->1944M(4692M), 0.1329989 secs]
1318.827: [GC pause (G1 Evacuation Pause) (young) 4117M->1963M(4692M), 0.0715427 secs]
1320.789: [GC pause (G1 Evacuation Pause) (young) 4152M->2009M(4692M), 0.0788882 secs]
1322.720: [GC pause (G1 Evacuation Pause) (young) 4086M->2033M(4692M), 0.0894371 secs]
1324.644: [GC pause (G1 Evacuation Pause) (young) 4065M->2021M(4692M), 0.0750328 secs]
1326.562: [GC pause (G1 Evacuation Pause) (young) 4134M->2064M(4692M), 0.0909146 secs]
1328.228: [GC pause (G1 Evacuation Pause) (young) 4069M->2089M(4692M), 0.0716805 secs]
1329.994: [GC pause (G1 Evacuation Pause) (young) 4069M->2062M(4692M), 0.0615518 secs]
1331.869: [GC pause (G1 Evacuation Pause) (young) 4142M->2107M(4692M), 0.0834962 secs]
1333.737: [GC pause (G1 Evacuation Pause) (young) 4072M->2130M(4692M), 0.0842983 secs]
1335.628: [GC pause (G1 Evacuation Pause) (young) 4063M->2092M(4692M), 0.0633029 secs]
1337.651: [GC pause (G1 Evacuation Pause) (young) 4154M->2134M(4692M), 0.0761059 secs]
1338.998: [GC pause (G1 Evacuation Pause) (young) 4179M->2233M(4692M), 0.1462329 secs]
1340.741: [GC pause (G1 Evacuation Pause) (young) 3995M->2215M(4692M), 0.1124950 secs]
1341.435: [GC pause (G1 Humongous Allocation) (young) (initial-mark) 2766M->2218M(4692M), 0.0445735 secs]
1341.480: [GC concurrent-root-region-scan-start]
1341.499: [GC concurrent-root-region-scan-end, 0.0188288 secs]
1341.499: [GC concurrent-mark-start]
1341.761: [GC concurrent-mark-end, 0.2624890 secs]
1341.762: [GC remark, 0.0068992 secs]
1341.769: [GC cleanup 2559M->1009M(4692M), 0.0050816 secs]
1341.774: [GC concurrent-cleanup-start]
1341.777: [GC concurrent-cleanup-end, 0.0031398 secs]
1342.951: [GC pause (G1 Evacuation Pause) (young) 2611M->704M(4692M), 0.0526196 secs]
1343.097: [GC pause (G1 Evacuation Pause) (mixed) 850M->615M(4692M), 0.0333807 secs]
1345.502: [GC pause (G1 Evacuation Pause) (young) 3415M->654M(4692M), 0.0668818 secs]
1348.083: [GC pause (G1 Evacuation Pause) (young) 3436M->696M(4692M), 0.0896636 secs]
1350.559: [GC pause (G1 Evacuation Pause) (young) 3416M->725M(4692M), 0.0770714 secs]
1353.018: [GC pause (G1 Evacuation Pause) (young) 3435M->746M(4692M), 0.0832171 secs]
1355.346: [GC pause (G1 Evacuation Pause) (young) 3416M->782M(4692M), 0.0983830 secs]
1357.932: [GC pause (G1 Evacuation Pause) (young) 3416M->757M(4692M), 0.0814051 secs]
1360.285: [GC pause (G1 Evacuation Pause) (young) 3435M->792M(4692M), 0.1017072 secs]
1362.769: [GC pause (G1 Evacuation Pause) (young) 3506M->853M(4692M), 0.1312402 secs]
1365.052: [GC pause (G1 Evacuation Pause) (young) 3483M->900M(4692M), 0.1436178 secs]
1367.040: [GC pause (G1 Evacuation Pause) (young) 3449M->934M(4692M), 0.1370467 secs]
1369.595: [GC pause (G1 Evacuation Pause) (young) 3630M->954M(4692M), 0.0962894 secs]
1371.669: [GC pause (G1 Evacuation Pause) (young) 3611M->983M(4692M), 0.0923512 secs]
1374.161: [GC pause (G1 Evacuation Pause) (young) 3629M->993M(4692M), 0.0999229 secs]
1376.652: [GC pause (G1 Evacuation Pause) (young) 3670M->1014M(4692M), 0.0837505 secs]
1378.643: [GC pause (G1 Evacuation Pause) (young) 3674M->998M(4692M), 0.0719442 secs]
1381.085: [GC pause (G1 Evacuation Pause) (young) 3693M->1049M(4692M), 0.0991216 secs]
1383.481: [GC pause (G1 Evacuation Pause) (young) 3673M->1061M(4692M), 0.0894802 secs]
1385.767: [GC pause (G1 Evacuation Pause) (young) 3799M->1166M(4692M), 0.1339312 secs]
1388.091: [GC pause (G1 Evacuation Pause) (young) 3762M->1209M(4692M), 0.1368206 secs]
1390.602: [GC pause (G1 Evacuation Pause) (young) 3803M->1215M(4692M), 0.1408287 secs]
1392.993: [GC pause (G1 Evacuation Pause) (young) 3892M->1242M(4692M), 0.1085757 secs]
1395.307: [GC pause (G1 Evacuation Pause) (young) 3907M->1244M(4692M), 0.0983182 secs]
1397.612: [GC pause (G1 Evacuation Pause) (young) 3900M->1277M(4692M), 0.1053765 secs]
1400.007: [GC pause (G1 Evacuation Pause) (young) 3892M->1256M(4692M), 0.0806614 secs]
1402.550: [GC pause (G1 Evacuation Pause) (young) 3964M->1301M(4692M), 0.1003589 secs]
1404.714: [GC pause (G1 Evacuation Pause) (young) 3944M->1327M(4692M), 0.1018796 secs]
1407.170: [GC pause (G1 Evacuation Pause) (young) 3963M->1314M(4692M), 0.0989018 secs]
1409.562: [GC pause (G1 Evacuation Pause) (young) 3963M->1330M(4692M), 0.0993029 secs]
1411.743: [GC pause (G1 Evacuation Pause) (young) 4072M->1412M(4692M), 0.1648757 secs]
1413.990: [GC pause (G1 Evacuation Pause) (young) 3951M->1444M(4692M), 0.1409699 secs]
1416.402: [GC pause (G1 Evacuation Pause) (young) 4003M->1435M(4692M), 0.1230252 secs]
1418.854: [GC pause (G1 Evacuation Pause) (young) 4143M->1478M(4692M), 0.0938271 secs]
1421.147: [GC pause (G1 Evacuation Pause) (young) 4091M->1499M(4692M), 0.0844242 secs]
1423.547: [GC pause (G1 Evacuation Pause) (young) 4089M->1511M(4692M), 0.0956067 secs]
1425.926: [GC pause (G1 Evacuation Pause) (young) 4058M->1533M(4692M), 0.0970591 secs]
1428.316: [GC pause (G1 Evacuation Pause) (young) 4055M->1527M(4692M), 0.0923427 secs]
1430.744: [GC pause (G1 Evacuation Pause) (young) 4071M->1547M(4692M), 0.0982060 secs]
1433.166: [GC pause (G1 Evacuation Pause) (young) 4045M->1518M(4692M), 0.0680871 secs]
1435.491: [GC pause (G1 Evacuation Pause) (young) 4181M->1639M(4692M), 0.1434207 secs]
1437.626: [GC pause (G1 Evacuation Pause) (young) 3990M->1670M(4692M), 0.1534482 secs]
1439.859: [GC pause (G1 Evacuation Pause) (young) 3993M->1670M(4692M), 0.1487523 secs]
1442.199: [GC pause (G1 Evacuation Pause) (young) 4069M->1687M(4692M), 0.1078303 secs]
1444.439: [GC pause (G1 Evacuation Pause) (young) 4057M->1698M(4692M), 0.0905285 secs]
1446.682: [GC pause (G1 Evacuation Pause) (young) 4064M->1742M(4692M), 0.1209162 secs]
1448.911: [GC pause (G1 Evacuation Pause) (young) 4081M->1766M(4692M), 0.1036558 secs]
1451.083: [GC pause (G1 Evacuation Pause) (young) 4080M->1758M(4692M), 0.0877586 secs]
1453.235: [GC pause (G1 Evacuation Pause) (young) 4073M->1785M(4692M), 0.0961904 secs]
1455.428: [GC pause (G1 Evacuation Pause) (young) 4043M->1803M(4692M), 0.1029441 secs]
1457.558: [GC pause (G1 Evacuation Pause) (young) 4053M->1799M(4692M), 0.0996233 secs]
1459.829: [GC pause (G1 Evacuation Pause) (young) 4078M->1818M(4692M), 0.0901599 secs]
1461.858: [GC pause (G1 Evacuation Pause) (young) 4150M->1880M(4692M), 0.1280965 secs]
1463.812: [GC pause (G1 Evacuation Pause) (young) 4018M->1918M(4692M), 0.1423045 secs]
1465.811: [GC pause (G1 Evacuation Pause) (young) 4029M->1955M(4692M), 0.1272837 secs]
1467.900: [GC pause (G1 Evacuation Pause) (young) 4122M->1945M(4692M), 0.0645573 secs]
1470.010: [GC pause (G1 Evacuation Pause) (young) 4155M->1997M(4692M), 0.0797846 secs]
1471.773: [GC pause (G1 Evacuation Pause) (young) 4081M->2010M(4692M), 0.0679412 secs]
1473.432: [GC pause (G1 Evacuation Pause) (young) 4073M->1985M(4692M), 0.0571994 secs]
1475.231: [GC pause (G1 Evacuation Pause) (young) 4112M->2030M(4692M), 0.0978015 secs]
1477.141: [GC pause (G1 Evacuation Pause) (young) 4053M->2046M(4692M), 0.0898842 secs]
1479.085: [GC pause (G1 Evacuation Pause) (young) 4058M->2027M(4692M), 0.0693842 secs]
1480.957: [GC pause (G1 Evacuation Pause) (young) 4125M->2068M(4692M), 0.0963738 secs]
1482.915: [GC pause (G1 Evacuation Pause) (young) 4070M->2081M(4692M), 0.0820528 secs]
1484.921: [GC pause (G1 Evacuation Pause) (young) 4089M->2063M(4692M), 0.0818514 secs]
1486.607: [GC pause (G1 Evacuation Pause) (young) 4194M->2184M(4692M), 0.1562361 secs]
1488.441: [GC pause (G1 Evacuation Pause) (young) 3983M->2211M(4692M), 0.1308451 secs]
1489.365: [GC pause (G1 Humongous Allocation) (young) (initial-mark) 3041M->2214M(4692M), 0.0528367 secs]
1489.418: [GC concurrent-root-region-scan-start]
1489.439: [GC concurrent-root-region-scan-end, 0.0215565 secs]
1489.439: [GC concurrent-mark-start]
1489.769: [GC concurrent-mark-end, 0.3296920 secs]
1489.769: [GC remark, 0.0072248 secs]
1489.777: [GC cleanup 2603M->969M(4692M), 0.0058880 secs]
1489.783: [GC concurrent-cleanup-start]
1489.787: [GC concurrent-cleanup-end, 0.0043725 secs]
1491.061: [GC pause (G1 Evacuation Pause) (young) 2531M->621M(4692M), 0.0727779 secs]
1493.618: [GC pause (G1 Evacuation Pause) (young) 3343M->652M(4692M), 0.0795017 secs]
1496.202: [GC pause (G1 Evacuation Pause) (young) 3340M->650M(4692M), 0.0700673 secs]
1498.722: [GC pause (G1 Evacuation Pause) (young) 3362M->698M(4692M), 0.1077343 secs]
1501.192: [GC pause (G1 Evacuation Pause) (young) 3342M->724M(4692M), 0.1043487 secs]
1503.588: [GC pause (G1 Evacuation Pause) (young) 3361M->718M(4692M), 0.1058045 secs]
1505.956: [GC pause (G1 Evacuation Pause) (young) 3362M->746M(4692M), 0.1109774 secs]
1508.348: [GC pause (G1 Evacuation Pause) (young) 3384M->736M(4692M), 0.1060916 secs]
1510.816: [GC pause (G1 Evacuation Pause) (young) 3396M->739M(4692M), 0.0897878 secs]
1513.193: [GC pause (G1 Evacuation Pause) (young) 3477M->817M(4692M), 0.1541531 secs]
1515.620: [GC pause (G1 Evacuation Pause) (young) 3407M->868M(4692M), 0.1575378 secs]
1518.147: [GC pause (G1 Evacuation Pause) (young) 3454M->899M(4692M), 0.1427867 secs]
1520.815: [GC pause (G1 Evacuation Pause) (young) 3629M->914M(4692M), 0.0897942 secs]
1523.363: [GC pause (G1 Evacuation Pause) (young) 3611M->955M(4692M), 0.0894597 secs]
1525.700: [GC pause (G1 Evacuation Pause) (young) 3631M->945M(4692M), 0.1023651 secs]
1528.198: [GC pause (G1 Evacuation Pause) (young) 3612M->969M(4692M), 0.0898552 secs]
1530.630: [GC pause (G1 Evacuation Pause) (young) 3612M->946M(4692M), 0.0842663 secs]
1533.025: [GC pause (G1 Evacuation Pause) (young) 3627M->977M(4692M), 0.0951143 secs]
1535.312: [GC pause (G1 Evacuation Pause) (young) 3615M->955M(4692M), 0.0772899 secs]
1537.583: [GC pause (G1 Evacuation Pause) (young) 3721M->1083M(4692M), 0.1725087 secs]
1540.044: [GC pause (G1 Evacuation Pause) (young) 3610M->1117M(4692M), 0.1694282 secs]
1542.586: [GC pause (G1 Evacuation Pause) (young) 3745M->1140M(4692M), 0.1419363 secs]
1545.146: [GC pause (G1 Evacuation Pause) (young) 3859M->1169M(4692M), 0.1054875 secs]
1547.665: [GC pause (G1 Evacuation Pause) (young) 3879M->1167M(4692M), 0.0788429 secs]
1550.130: [GC pause (G1 Evacuation Pause) (young) 3866M->1196M(4692M), 0.0884459 secs]
1552.625: [GC pause (G1 Evacuation Pause) (young) 3859M->1182M(4692M), 0.0844071 secs]
1555.168: [GC pause (G1 Evacuation Pause) (young) 3878M->1229M(4692M), 0.1105575 secs]
1557.746: [GC pause (G1 Evacuation Pause) (young) 3860M->1245M(4692M), 0.1082339 secs]
1560.226: [GC pause (G1 Evacuation Pause) (young) 3879M->1233M(4692M), 0.1055318 secs]
1562.511: [GC pause (G1 Evacuation Pause) (young) 3977M->1348M(4692M), 0.1670060 secs]
1565.007: [GC pause (G1 Evacuation Pause) (young) 3903M->1345M(4692M), 0.1271280 secs]
1567.092: [GC pause (G1 Evacuation Pause) (young) 3967M->1391M(4692M), 0.1315406 secs]
1569.666: [GC pause (G1 Evacuation Pause) (young) 3984M->1393M(4692M), 0.1159672 secs]
1572.217: [GC pause (G1 Evacuation Pause) (young) 4123M->1437M(4692M), 0.1077919 secs]
1574.842: [GC pause (G1 Evacuation Pause) (young) 4070M->1418M(4692M), 0.0972861 secs]
1576.814: [GC pause (G1 Evacuation Pause) (young) 4110M->1458M(4692M), 0.1094072 secs]
1579.262: [GC pause (G1 Evacuation Pause) (young) 4047M->1481M(4692M), 0.1167527 secs]
1581.438: [GC pause (G1 Evacuation Pause) (young) 4045M->1478M(4692M), 0.1156131 secs]
1583.869: [GC pause (G1 Evacuation Pause) (young) 4045M->1496M(4692M), 0.0931922 secs]
1586.264: [GC pause (G1 Evacuation Pause) (young) 4136M->1582M(4692M), 0.1577887 secs]
1588.032: [GC pause (G1 Evacuation Pause) (young) 3955M->1618M(4692M), 0.1254038 secs]
1590.291: [GC pause (G1 Evacuation Pause) (young) 4038M->1642M(4692M), 0.1125001 secs]
1592.619: [GC pause (G1 Evacuation Pause) (young) 4148M->1676M(4692M), 0.0938706 secs]
1594.887: [GC pause (G1 Evacuation Pause) (young) 4093M->1701M(4692M), 0.0811056 secs]
1596.981: [GC pause (G1 Evacuation Pause) (young) 4070M->1682M(4692M), 0.0775395 secs]
1599.234: [GC pause (G1 Evacuation Pause) (young) 4107M->1717M(4692M), 0.1015561 secs]
1601.468: [GC pause (G1 Evacuation Pause) (young) 4054M->1751M(4692M), 0.0941731 secs]
1603.559: [GC pause (G1 Evacuation Pause) (young) 4039M->1740M(4692M), 0.1394800 secs]
1605.427: [GC pause (G1 Evacuation Pause) (young) 4063M->1758M(4692M), 0.0940459 secs]
1607.752: [GC pause (G1 Evacuation Pause) (young) 4048M->1719M(4692M), 0.0702157 secs]
1609.530: [GC pause (G1 Evacuation Pause) (young) 4213M->1860M(4692M), 0.1624816 secs]
1611.594: [GC pause (G1 Evacuation Pause) (young) 3962M->1885M(4692M), 0.1371914 secs]
1613.585: [GC pause (G1 Evacuation Pause) (young) 4143M->1924M(4692M), 0.0906015 secs]
1615.668: [GC pause (G1 Evacuation Pause) (young) 4131M->1949M(4692M), 0.0734708 secs]
1617.764: [GC pause (G1 Evacuation Pause) (young) 4106M->1977M(4692M), 0.0762851 secs]
1619.828: [GC pause (G1 Evacuation Pause) (young) 4100M->1991M(4692M), 0.0844212 secs]
1621.830: [GC pause (G1 Evacuation Pause) (young) 4073M->2011M(4692M), 0.0925437 secs]
